[INFO] 00:24:13:154 Consola/(20346:20346): Consola iniciada
[INFO] 00:24:13:158 Consola/(20346:20346): Se agregó el operador NO_OP
[INFO] 00:24:13:158 Consola/(20346:20346): Se agregó el parametro 3
[INFO] 00:24:13:158 Consola/(20346:20346): Se agregó el operador I/O
[INFO] 00:24:13:158 Consola/(20346:20346): Se agregó el parametro 5000
[INFO] 00:24:13:158 Consola/(20346:20346): Se agregó el operador NO_OP
[INFO] 00:24:13:158 Consola/(20346:20346): Se agregó el parametro 3
[INFO] 00:24:13:158 Consola/(20346:20346): Se agregó el operador EXIT
[INFO] 00:24:13:158 Consola/(20346:20346): Se envió el cod operacion 12
[INFO] 00:24:13:158 Consola/(20346:20346): Lista de instrucciones enviada.
[INFO] 00:24:13:366 Consola/(20355:20355): Consola iniciada
[INFO] 00:24:13:374 Consola/(20355:20355): Se agregó el operador NO_OP
[INFO] 00:24:13:374 Consola/(20355:20355): Se agregó el parametro 3
[INFO] 00:24:13:374 Consola/(20355:20355): Se agregó el operador I/O
[INFO] 00:24:13:375 Consola/(20355:20355): Se agregó el parametro 5000
[INFO] 00:24:13:376 Consola/(20355:20355): Se agregó el operador NO_OP
[INFO] 00:24:13:376 Consola/(20355:20355): Se agregó el parametro 3
[INFO] 00:24:13:376 Consola/(20355:20355): Se agregó el operador EXIT
[INFO] 00:24:13:376 Consola/(20355:20355): Se envió el cod operacion 12
[INFO] 00:24:13:376 Consola/(20355:20355): Lista de instrucciones enviada.
[INFO] 00:24:13:550 Consola/(20364:20364): Consola iniciada
[INFO] 00:24:13:553 Consola/(20364:20364): Se agregó el operador NO_OP
[INFO] 00:24:13:554 Consola/(20364:20364): Se agregó el parametro 10
[INFO] 00:24:13:554 Consola/(20364:20364): Se agregó el operador EXIT
[INFO] 00:24:13:555 Consola/(20364:20364): Se envió el cod operacion 12
[INFO] 00:24:13:555 Consola/(20364:20364): Lista de instrucciones enviada.
[INFO] 00:28:38:067 Consola/(20364:20364): Respuesta recibida: 191
[INFO] 00:28:38:067 Consola/(20364:20364): Modulo consola finalizado
[INFO] 00:28:38:069 Consola/(20355:20355): Respuesta recibida: 191
[INFO] 00:28:38:070 Consola/(20355:20355): Modulo consola finalizado
[INFO] 00:28:38:070 Consola/(20346:20346): Respuesta recibida: 191
[INFO] 00:28:38:070 Consola/(20346:20346): Modulo consola finalizado
[INFO] 00:29:21:935 Consola/(20533:20533): Consola iniciada
[INFO] 00:29:21:938 Consola/(20533:20533): Se agregó el operador NO_OP
[INFO] 00:29:21:938 Consola/(20533:20533): Se agregó el parametro 3
[INFO] 00:29:21:938 Consola/(20533:20533): Se agregó el operador I/O
[INFO] 00:29:21:938 Consola/(20533:20533): Se agregó el parametro 5000
[INFO] 00:29:21:938 Consola/(20533:20533): Se agregó el operador NO_OP
[INFO] 00:29:21:938 Consola/(20533:20533): Se agregó el parametro 3
[INFO] 00:29:21:938 Consola/(20533:20533): Se agregó el operador EXIT
[INFO] 00:29:21:938 Consola/(20533:20533): Se envió el cod operacion 12
[INFO] 00:29:21:938 Consola/(20533:20533): Lista de instrucciones enviada.
[INFO] 00:29:22:174 Consola/(20542:20542): Consola iniciada
[INFO] 00:29:22:178 Consola/(20542:20542): Se agregó el operador NO_OP
[INFO] 00:29:22:179 Consola/(20542:20542): Se agregó el parametro 3
[INFO] 00:29:22:179 Consola/(20542:20542): Se agregó el operador I/O
[INFO] 00:29:22:179 Consola/(20542:20542): Se agregó el parametro 5000
[INFO] 00:29:22:179 Consola/(20542:20542): Se agregó el operador NO_OP
[INFO] 00:29:22:179 Consola/(20542:20542): Se agregó el parametro 3
[INFO] 00:29:22:179 Consola/(20542:20542): Se agregó el operador EXIT
[INFO] 00:29:22:179 Consola/(20542:20542): Se envió el cod operacion 12
[INFO] 00:29:22:179 Consola/(20542:20542): Lista de instrucciones enviada.
[INFO] 00:29:22:383 Consola/(20551:20551): Consola iniciada
[INFO] 00:29:22:384 Consola/(20551:20551): Se agregó el operador NO_OP
[INFO] 00:29:22:384 Consola/(20551:20551): Se agregó el parametro 10
[INFO] 00:29:22:385 Consola/(20551:20551): Se agregó el operador EXIT
[INFO] 00:29:22:385 Consola/(20551:20551): Se envió el cod operacion 12
[INFO] 00:29:22:385 Consola/(20551:20551): Lista de instrucciones enviada.
[INFO] 00:29:41:914 Consola/(20551:20551): Respuesta recibida: 14
[INFO] 00:29:41:914 Consola/(20551:20551): Modulo consola finalizado
[INFO] 00:29:45:505 Consola/(20542:20542): Respuesta recibida: 14
[INFO] 00:29:45:506 Consola/(20542:20542): Modulo consola finalizado
[INFO] 00:29:54:064 Consola/(20533:20533): Respuesta recibida: 14
[INFO] 00:29:54:064 Consola/(20533:20533): Modulo consola finalizado
[INFO] 00:32:16:997 Consola/(20638:20638): Consola iniciada
[INFO] 00:32:17:003 Consola/(20638:20638): Se agregó el operador NO_OP
[INFO] 00:32:17:003 Consola/(20638:20638): Se agregó el parametro 3
[INFO] 00:32:17:003 Consola/(20638:20638): Se agregó el operador I/O
[INFO] 00:32:17:003 Consola/(20638:20638): Se agregó el parametro 5000
[INFO] 00:32:17:003 Consola/(20638:20638): Se agregó el operador NO_OP
[INFO] 00:32:17:003 Consola/(20638:20638): Se agregó el parametro 3
[INFO] 00:32:17:003 Consola/(20638:20638): Se agregó el operador EXIT
[INFO] 00:32:17:003 Consola/(20638:20638): Se envió el cod operacion 12
[INFO] 00:32:17:003 Consola/(20638:20638): Lista de instrucciones enviada.
[INFO] 00:32:17:223 Consola/(20647:20647): Consola iniciada
[INFO] 00:32:17:227 Consola/(20647:20647): Se agregó el operador NO_OP
[INFO] 00:32:17:227 Consola/(20647:20647): Se agregó el parametro 3
[INFO] 00:32:17:227 Consola/(20647:20647): Se agregó el operador I/O
[INFO] 00:32:17:227 Consola/(20647:20647): Se agregó el parametro 5000
[INFO] 00:32:17:227 Consola/(20647:20647): Se agregó el operador NO_OP
[INFO] 00:32:17:227 Consola/(20647:20647): Se agregó el parametro 3
[INFO] 00:32:17:227 Consola/(20647:20647): Se agregó el operador EXIT
[INFO] 00:32:17:227 Consola/(20647:20647): Se envió el cod operacion 12
[INFO] 00:32:17:228 Consola/(20647:20647): Lista de instrucciones enviada.
[INFO] 00:32:17:430 Consola/(20656:20656): Consola iniciada
[INFO] 00:32:17:432 Consola/(20656:20656): Se agregó el operador NO_OP
[INFO] 00:32:17:432 Consola/(20656:20656): Se agregó el parametro 10
[INFO] 00:32:17:432 Consola/(20656:20656): Se agregó el operador EXIT
[INFO] 00:32:17:432 Consola/(20656:20656): Se envió el cod operacion 12
[INFO] 00:32:17:432 Consola/(20656:20656): Lista de instrucciones enviada.
[INFO] 00:32:37:073 Consola/(20656:20656): Respuesta recibida: 14
[INFO] 00:32:37:073 Consola/(20656:20656): Modulo consola finalizado
[INFO] 00:32:40:750 Consola/(20647:20647): Respuesta recibida: 14
[INFO] 00:32:40:750 Consola/(20647:20647): Modulo consola finalizado
[INFO] 00:32:49:421 Consola/(20638:20638): Respuesta recibida: 14
[INFO] 00:32:49:421 Consola/(20638:20638): Modulo consola finalizado
[INFO] 00:33:51:046 Consola/(20737:20737): Consola iniciada
[INFO] 00:33:51:056 Consola/(20737:20737): Se agregó el operador NO_OP
[INFO] 00:33:51:056 Consola/(20737:20737): Se agregó el parametro 3
[INFO] 00:33:51:056 Consola/(20737:20737): Se agregó el operador I/O
[INFO] 00:33:51:056 Consola/(20737:20737): Se agregó el parametro 5000
[INFO] 00:33:51:056 Consola/(20737:20737): Se agregó el operador NO_OP
[INFO] 00:33:51:056 Consola/(20737:20737): Se agregó el parametro 3
[INFO] 00:33:51:056 Consola/(20737:20737): Se agregó el operador EXIT
[INFO] 00:33:51:056 Consola/(20737:20737): Se envió el cod operacion 12
[INFO] 00:33:51:056 Consola/(20737:20737): Lista de instrucciones enviada.
[INFO] 00:33:51:306 Consola/(20746:20746): Consola iniciada
[INFO] 00:33:51:307 Consola/(20746:20746): Se agregó el operador NO_OP
[INFO] 00:33:51:307 Consola/(20746:20746): Se agregó el parametro 3
[INFO] 00:33:51:307 Consola/(20746:20746): Se agregó el operador I/O
[INFO] 00:33:51:307 Consola/(20746:20746): Se agregó el parametro 5000
[INFO] 00:33:51:307 Consola/(20746:20746): Se agregó el operador NO_OP
[INFO] 00:33:51:307 Consola/(20746:20746): Se agregó el parametro 3
[INFO] 00:33:51:307 Consola/(20746:20746): Se agregó el operador EXIT
[INFO] 00:33:51:307 Consola/(20746:20746): Se envió el cod operacion 12
[INFO] 00:33:51:332 Consola/(20746:20746): Lista de instrucciones enviada.
[INFO] 00:33:51:604 Consola/(20755:20755): Consola iniciada
[INFO] 00:33:51:607 Consola/(20755:20755): Se agregó el operador NO_OP
[INFO] 00:33:51:607 Consola/(20755:20755): Se agregó el parametro 10
[INFO] 00:33:51:607 Consola/(20755:20755): Se agregó el operador EXIT
[INFO] 00:33:51:607 Consola/(20755:20755): Se envió el cod operacion 12
[INFO] 00:33:51:607 Consola/(20755:20755): Lista de instrucciones enviada.
[INFO] 00:35:18:051 Consola/(20755:20755): Respuesta recibida: 191
[INFO] 00:35:18:051 Consola/(20746:20746): Respuesta recibida: 191
[INFO] 00:35:18:051 Consola/(20737:20737): Respuesta recibida: 191
[INFO] 00:35:18:053 Consola/(20746:20746): Modulo consola finalizado
[INFO] 00:35:18:053 Consola/(20737:20737): Modulo consola finalizado
[INFO] 00:35:18:053 Consola/(20755:20755): Modulo consola finalizado
[INFO] 00:36:23:430 Consola/(20857:20857): Consola iniciada
[INFO] 00:36:23:432 Consola/(20857:20857): Se agregó el operador NO_OP
[INFO] 00:36:23:432 Consola/(20857:20857): Se agregó el parametro 3
[INFO] 00:36:23:432 Consola/(20857:20857): Se agregó el operador I/O
[INFO] 00:36:23:432 Consola/(20857:20857): Se agregó el parametro 5000
[INFO] 00:36:23:432 Consola/(20857:20857): Se agregó el operador NO_OP
[INFO] 00:36:23:432 Consola/(20857:20857): Se agregó el parametro 3
[INFO] 00:36:23:432 Consola/(20857:20857): Se agregó el operador EXIT
[INFO] 00:36:23:432 Consola/(20857:20857): Se envió el cod operacion 12
[INFO] 00:36:23:432 Consola/(20857:20857): Lista de instrucciones enviada.
[INFO] 00:36:23:691 Consola/(20866:20866): Consola iniciada
[INFO] 00:36:23:693 Consola/(20866:20866): Se agregó el operador NO_OP
[INFO] 00:36:23:693 Consola/(20866:20866): Se agregó el parametro 3
[INFO] 00:36:23:693 Consola/(20866:20866): Se agregó el operador I/O
[INFO] 00:36:23:693 Consola/(20866:20866): Se agregó el parametro 5000
[INFO] 00:36:23:693 Consola/(20866:20866): Se agregó el operador NO_OP
[INFO] 00:36:23:693 Consola/(20866:20866): Se agregó el parametro 3
[INFO] 00:36:23:694 Consola/(20866:20866): Se agregó el operador EXIT
[INFO] 00:36:23:694 Consola/(20866:20866): Se envió el cod operacion 12
[INFO] 00:36:23:694 Consola/(20866:20866): Lista de instrucciones enviada.
[INFO] 00:36:23:910 Consola/(20875:20875): Consola iniciada
[INFO] 00:36:23:912 Consola/(20875:20875): Se agregó el operador NO_OP
[INFO] 00:36:23:913 Consola/(20875:20875): Se agregó el parametro 10
[INFO] 00:36:23:913 Consola/(20875:20875): Se agregó el operador EXIT
[INFO] 00:36:23:913 Consola/(20875:20875): Se envió el cod operacion 12
[INFO] 00:36:23:913 Consola/(20875:20875): Lista de instrucciones enviada.
[INFO] 00:42:56:479 Consola/(20875:20875): Respuesta recibida: 191
[INFO] 00:42:56:479 Consola/(20866:20866): Respuesta recibida: 191
[INFO] 00:42:56:479 Consola/(20857:20857): Respuesta recibida: 191
[INFO] 00:42:56:479 Consola/(20857:20857): Modulo consola finalizado
[INFO] 00:42:56:479 Consola/(20866:20866): Modulo consola finalizado
[INFO] 00:42:56:480 Consola/(20875:20875): Modulo consola finalizado
[INFO] 00:43:01:477 Consola/(20999:20999): Consola iniciada
[INFO] 00:43:01:484 Consola/(20999:20999): Se agregó el operador NO_OP
[INFO] 00:43:01:484 Consola/(20999:20999): Se agregó el parametro 3
[INFO] 00:43:01:484 Consola/(20999:20999): Se agregó el operador I/O
[INFO] 00:43:01:484 Consola/(20999:20999): Se agregó el parametro 5000
[INFO] 00:43:01:484 Consola/(20999:20999): Se agregó el operador NO_OP
[INFO] 00:43:01:484 Consola/(20999:20999): Se agregó el parametro 3
[INFO] 00:43:01:484 Consola/(20999:20999): Se agregó el operador EXIT
[INFO] 00:43:01:484 Consola/(20999:20999): Se envió el cod operacion 12
[INFO] 00:43:01:484 Consola/(20999:20999): Lista de instrucciones enviada.
[INFO] 00:43:01:695 Consola/(21008:21008): Consola iniciada
[INFO] 00:43:01:713 Consola/(21008:21008): Se agregó el operador NO_OP
[INFO] 00:43:01:713 Consola/(21008:21008): Se agregó el parametro 3
[INFO] 00:43:01:713 Consola/(21008:21008): Se agregó el operador I/O
[INFO] 00:43:01:713 Consola/(21008:21008): Se agregó el parametro 5000
[INFO] 00:43:01:713 Consola/(21008:21008): Se agregó el operador NO_OP
[INFO] 00:43:01:713 Consola/(21008:21008): Se agregó el parametro 3
[INFO] 00:43:01:713 Consola/(21008:21008): Se agregó el operador EXIT
[INFO] 00:43:01:714 Consola/(21008:21008): Se envió el cod operacion 12
[INFO] 00:43:01:714 Consola/(21008:21008): Lista de instrucciones enviada.
[INFO] 00:43:01:921 Consola/(21017:21017): Consola iniciada
[INFO] 00:43:01:931 Consola/(21017:21017): Se agregó el operador NO_OP
[INFO] 00:43:01:935 Consola/(21017:21017): Se agregó el parametro 10
[INFO] 00:43:01:935 Consola/(21017:21017): Se agregó el operador EXIT
[INFO] 00:43:01:935 Consola/(21017:21017): Se envió el cod operacion 12
[INFO] 00:43:01:935 Consola/(21017:21017): Lista de instrucciones enviada.
[INFO] 00:44:41:251 Consola/(21017:21017): Respuesta recibida: 191
[INFO] 00:44:41:251 Consola/(21008:21008): Respuesta recibida: 191
[INFO] 00:44:41:251 Consola/(20999:20999): Respuesta recibida: 191
[INFO] 00:44:41:251 Consola/(21008:21008): Modulo consola finalizado
[INFO] 00:44:41:251 Consola/(20999:20999): Modulo consola finalizado
[INFO] 00:44:41:251 Consola/(21017:21017): Modulo consola finalizado
[INFO] 00:45:05:470 Consola/(21079:21079): Consola iniciada
[INFO] 00:45:05:473 Consola/(21079:21079): Se agregó el operador NO_OP
[INFO] 00:45:05:473 Consola/(21079:21079): Se agregó el parametro 3
[INFO] 00:45:05:473 Consola/(21079:21079): Se agregó el operador I/O
[INFO] 00:45:05:474 Consola/(21079:21079): Se agregó el parametro 5000
[INFO] 00:45:05:474 Consola/(21079:21079): Se agregó el operador NO_OP
[INFO] 00:45:05:474 Consola/(21079:21079): Se agregó el parametro 3
[INFO] 00:45:05:474 Consola/(21079:21079): Se agregó el operador EXIT
[INFO] 00:45:05:475 Consola/(21079:21079): Se envió el cod operacion 12
[INFO] 00:45:05:475 Consola/(21079:21079): Lista de instrucciones enviada.
[INFO] 00:45:05:732 Consola/(21088:21088): Consola iniciada
[INFO] 00:45:05:735 Consola/(21088:21088): Se agregó el operador NO_OP
[INFO] 00:45:05:735 Consola/(21088:21088): Se agregó el parametro 3
[INFO] 00:45:05:735 Consola/(21088:21088): Se agregó el operador I/O
[INFO] 00:45:05:735 Consola/(21088:21088): Se agregó el parametro 5000
[INFO] 00:45:05:737 Consola/(21088:21088): Se agregó el operador NO_OP
[INFO] 00:45:05:737 Consola/(21088:21088): Se agregó el parametro 3
[INFO] 00:45:05:737 Consola/(21088:21088): Se agregó el operador EXIT
[INFO] 00:45:05:737 Consola/(21088:21088): Se envió el cod operacion 12
[INFO] 00:45:05:738 Consola/(21088:21088): Lista de instrucciones enviada.
[INFO] 00:45:05:967 Consola/(21097:21097): Consola iniciada
[INFO] 00:45:05:989 Consola/(21097:21097): Se agregó el operador NO_OP
[INFO] 00:45:05:989 Consola/(21097:21097): Se agregó el parametro 10
[INFO] 00:45:05:989 Consola/(21097:21097): Se agregó el operador EXIT
[INFO] 00:45:05:989 Consola/(21097:21097): Se envió el cod operacion 12
[INFO] 00:45:05:989 Consola/(21097:21097): Lista de instrucciones enviada.
[INFO] 00:45:34:682 Consola/(21079:21079): Respuesta recibida: 14
[INFO] 00:45:34:682 Consola/(21079:21079): Modulo consola finalizado
[INFO] 00:45:43:498 Consola/(21088:21088): Respuesta recibida: 14
[INFO] 00:45:43:498 Consola/(21088:21088): Modulo consola finalizado
[INFO] 00:45:43:578 Consola/(21097:21097): Respuesta recibida: 14
[INFO] 00:45:43:578 Consola/(21097:21097): Modulo consola finalizado
[INFO] 00:46:13:505 Consola/(21157:21157): Consola iniciada
[INFO] 00:46:13:510 Consola/(21157:21157): Se agregó el operador NO_OP
[INFO] 00:46:13:511 Consola/(21157:21157): Se agregó el parametro 3
[INFO] 00:46:13:511 Consola/(21157:21157): Se agregó el operador I/O
[INFO] 00:46:13:511 Consola/(21157:21157): Se agregó el parametro 5000
[INFO] 00:46:13:511 Consola/(21157:21157): Se agregó el operador NO_OP
[INFO] 00:46:13:511 Consola/(21157:21157): Se agregó el parametro 3
[INFO] 00:46:13:511 Consola/(21157:21157): Se agregó el operador EXIT
[INFO] 00:46:13:511 Consola/(21157:21157): Se envió el cod operacion 12
[INFO] 00:46:13:511 Consola/(21157:21157): Lista de instrucciones enviada.
[INFO] 00:46:13:735 Consola/(21166:21166): Consola iniciada
[INFO] 00:46:13:737 Consola/(21166:21166): Se agregó el operador NO_OP
[INFO] 00:46:13:737 Consola/(21166:21166): Se agregó el parametro 3
[INFO] 00:46:13:737 Consola/(21166:21166): Se agregó el operador I/O
[INFO] 00:46:13:737 Consola/(21166:21166): Se agregó el parametro 5000
[INFO] 00:46:13:737 Consola/(21166:21166): Se agregó el operador NO_OP
[INFO] 00:46:13:737 Consola/(21166:21166): Se agregó el parametro 3
[INFO] 00:46:13:737 Consola/(21166:21166): Se agregó el operador EXIT
[INFO] 00:46:13:737 Consola/(21166:21166): Se envió el cod operacion 12
[INFO] 00:46:13:741 Consola/(21166:21166): Lista de instrucciones enviada.
[INFO] 00:46:13:946 Consola/(21175:21175): Consola iniciada
[INFO] 00:46:13:948 Consola/(21175:21175): Se agregó el operador NO_OP
[INFO] 00:46:13:949 Consola/(21175:21175): Se agregó el parametro 10
[INFO] 00:46:13:949 Consola/(21175:21175): Se agregó el operador EXIT
[INFO] 00:46:13:949 Consola/(21175:21175): Se envió el cod operacion 12
[INFO] 00:46:13:949 Consola/(21175:21175): Lista de instrucciones enviada.
[INFO] 00:46:33:393 Consola/(21175:21175): Respuesta recibida: 14
[INFO] 00:46:33:394 Consola/(21175:21175): Modulo consola finalizado
[INFO] 00:46:36:986 Consola/(21166:21166): Respuesta recibida: 14
[INFO] 00:46:36:986 Consola/(21166:21166): Modulo consola finalizado
[INFO] 00:46:45:520 Consola/(21157:21157): Respuesta recibida: 14
[INFO] 00:46:45:520 Consola/(21157:21157): Modulo consola finalizado
[INFO] 00:47:09:220 Consola/(21201:21201): Consola iniciada
[INFO] 00:47:09:222 Consola/(21201:21201): Se agregó el operador NO_OP
[INFO] 00:47:09:223 Consola/(21201:21201): Se agregó el parametro 3
[INFO] 00:47:09:223 Consola/(21201:21201): Se agregó el operador I/O
[INFO] 00:47:09:223 Consola/(21201:21201): Se agregó el parametro 5000
[INFO] 00:47:09:223 Consola/(21201:21201): Se agregó el operador NO_OP
[INFO] 00:47:09:223 Consola/(21201:21201): Se agregó el parametro 3
[INFO] 00:47:09:223 Consola/(21201:21201): Se agregó el operador EXIT
[INFO] 00:47:09:224 Consola/(21201:21201): Se envió el cod operacion 12
[INFO] 00:47:09:224 Consola/(21201:21201): Lista de instrucciones enviada.
[INFO] 00:47:09:522 Consola/(21210:21210): Consola iniciada
[INFO] 00:47:09:527 Consola/(21210:21210): Se agregó el operador NO_OP
[INFO] 00:47:09:527 Consola/(21210:21210): Se agregó el parametro 3
[INFO] 00:47:09:527 Consola/(21210:21210): Se agregó el operador I/O
[INFO] 00:47:09:527 Consola/(21210:21210): Se agregó el parametro 5000
[INFO] 00:47:09:527 Consola/(21210:21210): Se agregó el operador NO_OP
[INFO] 00:47:09:527 Consola/(21210:21210): Se agregó el parametro 3
[INFO] 00:47:09:527 Consola/(21210:21210): Se agregó el operador EXIT
[INFO] 00:47:09:527 Consola/(21210:21210): Se envió el cod operacion 12
[INFO] 00:47:09:529 Consola/(21210:21210): Lista de instrucciones enviada.
[INFO] 00:47:09:804 Consola/(21219:21219): Consola iniciada
[INFO] 00:47:09:807 Consola/(21219:21219): Se agregó el operador NO_OP
[INFO] 00:47:09:808 Consola/(21219:21219): Se agregó el parametro 10
[INFO] 00:47:09:808 Consola/(21219:21219): Se agregó el operador EXIT
[INFO] 00:47:09:808 Consola/(21219:21219): Se envió el cod operacion 12
[INFO] 00:47:09:808 Consola/(21219:21219): Lista de instrucciones enviada.
[INFO] 00:47:36:922 Consola/(21201:21201): Respuesta recibida: 14
[INFO] 00:47:36:922 Consola/(21201:21201): Modulo consola finalizado
[INFO] 00:47:45:597 Consola/(21210:21210): Respuesta recibida: 14
[INFO] 00:47:45:597 Consola/(21210:21210): Modulo consola finalizado
[INFO] 00:47:45:677 Consola/(21219:21219): Respuesta recibida: 14
[INFO] 00:47:45:677 Consola/(21219:21219): Modulo consola finalizado
[INFO] 00:47:54:858 Consola/(21245:21245): Consola iniciada
[INFO] 00:47:54:864 Consola/(21245:21245): Se agregó el operador NO_OP
[INFO] 00:47:54:864 Consola/(21245:21245): Se agregó el parametro 3
[INFO] 00:47:54:864 Consola/(21245:21245): Se agregó el operador I/O
[INFO] 00:47:54:864 Consola/(21245:21245): Se agregó el parametro 5000
[INFO] 00:47:54:864 Consola/(21245:21245): Se agregó el operador NO_OP
[INFO] 00:47:54:865 Consola/(21245:21245): Se agregó el parametro 3
[INFO] 00:47:54:865 Consola/(21245:21245): Se agregó el operador EXIT
[INFO] 00:47:54:865 Consola/(21245:21245): Se envió el cod operacion 12
[INFO] 00:47:54:865 Consola/(21245:21245): Lista de instrucciones enviada.
[INFO] 00:47:55:107 Consola/(21255:21255): Consola iniciada
[INFO] 00:47:55:110 Consola/(21255:21255): Se agregó el operador NO_OP
[INFO] 00:47:55:110 Consola/(21255:21255): Se agregó el parametro 3
[INFO] 00:47:55:110 Consola/(21255:21255): Se agregó el operador I/O
[INFO] 00:47:55:110 Consola/(21255:21255): Se agregó el parametro 5000
[INFO] 00:47:55:113 Consola/(21255:21255): Se agregó el operador NO_OP
[INFO] 00:47:55:113 Consola/(21255:21255): Se agregó el parametro 3
[INFO] 00:47:55:113 Consola/(21255:21255): Se agregó el operador EXIT
[INFO] 00:47:55:114 Consola/(21255:21255): Se envió el cod operacion 12
[INFO] 00:47:55:115 Consola/(21255:21255): Lista de instrucciones enviada.
[INFO] 00:47:55:361 Consola/(21264:21264): Consola iniciada
[INFO] 00:47:55:362 Consola/(21264:21264): Se agregó el operador NO_OP
[INFO] 00:47:55:364 Consola/(21264:21264): Se agregó el parametro 10
[INFO] 00:47:55:364 Consola/(21264:21264): Se agregó el operador EXIT
[INFO] 00:47:55:368 Consola/(21264:21264): Se envió el cod operacion 12
[INFO] 00:47:55:368 Consola/(21264:21264): Lista de instrucciones enviada.
[INFO] 00:48:22:530 Consola/(21245:21245): Respuesta recibida: 14
[INFO] 00:48:22:530 Consola/(21245:21245): Modulo consola finalizado
[INFO] 00:48:31:242 Consola/(21255:21255): Respuesta recibida: 14
[INFO] 00:48:31:242 Consola/(21255:21255): Modulo consola finalizado
[INFO] 00:48:31:321 Consola/(21264:21264): Respuesta recibida: 14
[INFO] 00:48:31:321 Consola/(21264:21264): Modulo consola finalizado
[INFO] 00:48:39:278 Consola/(21286:21286): Consola iniciada
[INFO] 00:48:39:281 Consola/(21286:21286): Se agregó el operador NO_OP
[INFO] 00:48:39:281 Consola/(21286:21286): Se agregó el parametro 3
[INFO] 00:48:39:281 Consola/(21286:21286): Se agregó el operador I/O
[INFO] 00:48:39:282 Consola/(21286:21286): Se agregó el parametro 5000
[INFO] 00:48:39:285 Consola/(21286:21286): Se agregó el operador NO_OP
[INFO] 00:48:39:285 Consola/(21286:21286): Se agregó el parametro 3
[INFO] 00:48:39:285 Consola/(21286:21286): Se agregó el operador EXIT
[INFO] 00:48:39:285 Consola/(21286:21286): Se envió el cod operacion 12
[INFO] 00:48:39:286 Consola/(21286:21286): Lista de instrucciones enviada.
[INFO] 00:48:39:576 Consola/(21297:21297): Consola iniciada
[INFO] 00:48:39:579 Consola/(21297:21297): Se agregó el operador NO_OP
[INFO] 00:48:39:580 Consola/(21297:21297): Se agregó el parametro 3
[INFO] 00:48:39:580 Consola/(21297:21297): Se agregó el operador I/O
[INFO] 00:48:39:580 Consola/(21297:21297): Se agregó el parametro 5000
[INFO] 00:48:39:580 Consola/(21297:21297): Se agregó el operador NO_OP
[INFO] 00:48:39:583 Consola/(21297:21297): Se agregó el parametro 3
[INFO] 00:48:39:583 Consola/(21297:21297): Se agregó el operador EXIT
[INFO] 00:48:39:583 Consola/(21297:21297): Se envió el cod operacion 12
[INFO] 00:48:39:583 Consola/(21297:21297): Lista de instrucciones enviada.
[INFO] 00:48:39:917 Consola/(21306:21306): Consola iniciada
[INFO] 00:48:39:921 Consola/(21306:21306): Se agregó el operador NO_OP
[INFO] 00:48:39:922 Consola/(21306:21306): Se agregó el parametro 10
[INFO] 00:48:39:922 Consola/(21306:21306): Se agregó el operador EXIT
[INFO] 00:48:39:922 Consola/(21306:21306): Se envió el cod operacion 12
[INFO] 00:48:39:922 Consola/(21306:21306): Lista de instrucciones enviada.
[INFO] 00:49:07:082 Consola/(21286:21286): Respuesta recibida: 14
[INFO] 00:49:07:082 Consola/(21286:21286): Modulo consola finalizado
[INFO] 00:49:15:766 Consola/(21297:21297): Respuesta recibida: 14
[INFO] 00:49:15:766 Consola/(21297:21297): Modulo consola finalizado
[INFO] 00:49:15:846 Consola/(21306:21306): Respuesta recibida: 14
[INFO] 00:49:15:846 Consola/(21306:21306): Modulo consola finalizado
[INFO] 00:50:03:190 Consola/(21373:21373): Consola iniciada
[INFO] 00:50:03:193 Consola/(21373:21373): Se agregó el operador NO_OP
[INFO] 00:50:03:193 Consola/(21373:21373): Se agregó el parametro 3
[INFO] 00:50:03:193 Consola/(21373:21373): Se agregó el operador I/O
[INFO] 00:50:03:193 Consola/(21373:21373): Se agregó el parametro 5000
[INFO] 00:50:03:193 Consola/(21373:21373): Se agregó el operador NO_OP
[INFO] 00:50:03:193 Consola/(21373:21373): Se agregó el parametro 3
[INFO] 00:50:03:193 Consola/(21373:21373): Se agregó el operador EXIT
[INFO] 00:50:03:193 Consola/(21373:21373): Se envió el cod operacion 12
[INFO] 00:50:03:196 Consola/(21373:21373): Lista de instrucciones enviada.
[INFO] 00:50:03:435 Consola/(21382:21382): Consola iniciada
[INFO] 00:50:03:450 Consola/(21382:21382): Se agregó el operador NO_OP
[INFO] 00:50:03:450 Consola/(21382:21382): Se agregó el parametro 3
[INFO] 00:50:03:450 Consola/(21382:21382): Se agregó el operador I/O
[INFO] 00:50:03:450 Consola/(21382:21382): Se agregó el parametro 5000
[INFO] 00:50:03:450 Consola/(21382:21382): Se agregó el operador NO_OP
[INFO] 00:50:03:450 Consola/(21382:21382): Se agregó el parametro 3
[INFO] 00:50:03:450 Consola/(21382:21382): Se agregó el operador EXIT
[INFO] 00:50:03:450 Consola/(21382:21382): Se envió el cod operacion 12
[INFO] 00:50:03:450 Consola/(21382:21382): Lista de instrucciones enviada.
[INFO] 00:50:03:696 Consola/(21392:21392): Consola iniciada
[INFO] 00:50:03:699 Consola/(21392:21392): Se agregó el operador NO_OP
[INFO] 00:50:03:699 Consola/(21392:21392): Se agregó el parametro 10
[INFO] 00:50:03:699 Consola/(21392:21392): Se agregó el operador EXIT
[INFO] 00:50:03:699 Consola/(21392:21392): Se envió el cod operacion 12
[INFO] 00:50:03:699 Consola/(21392:21392): Lista de instrucciones enviada.
[INFO] 00:50:31:765 Consola/(21373:21373): Respuesta recibida: 14
[INFO] 00:50:31:765 Consola/(21373:21373): Modulo consola finalizado
[INFO] 00:50:40:398 Consola/(21382:21382): Respuesta recibida: 14
[INFO] 00:50:40:398 Consola/(21382:21382): Modulo consola finalizado
[INFO] 00:50:40:450 Consola/(21392:21392): Respuesta recibida: 14
[INFO] 00:50:40:450 Consola/(21392:21392): Modulo consola finalizado
[INFO] 00:51:10:945 Consola/(21440:21440): Consola iniciada
[INFO] 00:51:10:953 Consola/(21440:21440): Se agregó el operador NO_OP
[INFO] 00:51:10:953 Consola/(21440:21440): Se agregó el parametro 3
[INFO] 00:51:10:959 Consola/(21440:21440): Se agregó el operador I/O
[INFO] 00:51:10:960 Consola/(21440:21440): Se agregó el parametro 5000
[INFO] 00:51:10:960 Consola/(21440:21440): Se agregó el operador NO_OP
[INFO] 00:51:10:960 Consola/(21440:21440): Se agregó el parametro 3
[INFO] 00:51:10:960 Consola/(21440:21440): Se agregó el operador EXIT
[INFO] 00:51:10:960 Consola/(21440:21440): Se envió el cod operacion 12
[INFO] 00:51:10:960 Consola/(21440:21440): Lista de instrucciones enviada.
[INFO] 00:51:11:216 Consola/(21450:21450): Consola iniciada
[INFO] 00:51:11:223 Consola/(21450:21450): Se agregó el operador NO_OP
[INFO] 00:51:11:223 Consola/(21450:21450): Se agregó el parametro 3
[INFO] 00:51:11:224 Consola/(21450:21450): Se agregó el operador I/O
[INFO] 00:51:11:224 Consola/(21450:21450): Se agregó el parametro 5000
[INFO] 00:51:11:224 Consola/(21450:21450): Se agregó el operador NO_OP
[INFO] 00:51:11:224 Consola/(21450:21450): Se agregó el parametro 3
[INFO] 00:51:11:224 Consola/(21450:21450): Se agregó el operador EXIT
[INFO] 00:51:11:224 Consola/(21450:21450): Se envió el cod operacion 12
[INFO] 00:51:11:224 Consola/(21450:21450): Lista de instrucciones enviada.
[INFO] 00:51:11:444 Consola/(21459:21459): Consola iniciada
[INFO] 00:51:11:444 Consola/(21459:21459): Se agregó el operador NO_OP
[INFO] 00:51:11:445 Consola/(21459:21459): Se agregó el parametro 10
[INFO] 00:51:11:445 Consola/(21459:21459): Se agregó el operador EXIT
[INFO] 00:51:11:445 Consola/(21459:21459): Se envió el cod operacion 12
[INFO] 00:51:11:445 Consola/(21459:21459): Lista de instrucciones enviada.
[INFO] 00:51:39:743 Consola/(21440:21440): Respuesta recibida: 14
[INFO] 00:51:39:743 Consola/(21440:21440): Modulo consola finalizado
[INFO] 00:51:48:381 Consola/(21450:21450): Respuesta recibida: 14
[INFO] 00:51:48:381 Consola/(21450:21450): Modulo consola finalizado
[INFO] 00:51:48:434 Consola/(21459:21459): Respuesta recibida: 14
[INFO] 00:51:48:435 Consola/(21459:21459): Modulo consola finalizado
[INFO] 00:52:35:698 Consola/(21564:21564): Consola iniciada
[INFO] 00:52:35:705 Consola/(21564:21564): Se agregó el operador NO_OP
[INFO] 00:52:35:705 Consola/(21564:21564): Se agregó el parametro 3
[INFO] 00:52:35:705 Consola/(21564:21564): Se agregó el operador I/O
[INFO] 00:52:35:705 Consola/(21564:21564): Se agregó el parametro 5000
[INFO] 00:52:35:705 Consola/(21564:21564): Se agregó el operador NO_OP
[INFO] 00:52:35:705 Consola/(21564:21564): Se agregó el parametro 3
[INFO] 00:52:35:705 Consola/(21564:21564): Se agregó el operador EXIT
[INFO] 00:52:35:708 Consola/(21564:21564): Se envió el cod operacion 12
[INFO] 00:52:35:709 Consola/(21564:21564): Lista de instrucciones enviada.
[INFO] 00:52:35:948 Consola/(21573:21573): Consola iniciada
[INFO] 00:52:35:959 Consola/(21573:21573): Se agregó el operador NO_OP
[INFO] 00:52:35:959 Consola/(21573:21573): Se agregó el parametro 3
[INFO] 00:52:35:959 Consola/(21573:21573): Se agregó el operador I/O
[INFO] 00:52:35:959 Consola/(21573:21573): Se agregó el parametro 5000
[INFO] 00:52:35:959 Consola/(21573:21573): Se agregó el operador NO_OP
[INFO] 00:52:35:959 Consola/(21573:21573): Se agregó el parametro 3
[INFO] 00:52:35:959 Consola/(21573:21573): Se agregó el operador EXIT
[INFO] 00:52:35:959 Consola/(21573:21573): Se envió el cod operacion 12
[INFO] 00:52:35:959 Consola/(21573:21573): Lista de instrucciones enviada.
[INFO] 00:52:36:168 Consola/(21582:21582): Consola iniciada
[INFO] 00:52:36:181 Consola/(21582:21582): Se agregó el operador NO_OP
[INFO] 00:52:36:181 Consola/(21582:21582): Se agregó el parametro 10
[INFO] 00:52:36:181 Consola/(21582:21582): Se agregó el operador EXIT
[INFO] 00:52:36:183 Consola/(21582:21582): Se envió el cod operacion 12
[INFO] 00:52:36:183 Consola/(21582:21582): Lista de instrucciones enviada.
[INFO] 00:52:55:665 Consola/(21582:21582): Respuesta recibida: 14
[INFO] 00:52:55:665 Consola/(21582:21582): Modulo consola finalizado
[INFO] 00:52:59:439 Consola/(21573:21573): Respuesta recibida: 191
[INFO] 00:52:59:439 Consola/(21573:21573): Modulo consola finalizado
[INFO] 00:52:59:439 Consola/(21564:21564): Respuesta recibida: 191
[INFO] 00:52:59:439 Consola/(21564:21564): Modulo consola finalizado
[INFO] 00:54:46:073 Consola/(21681:21681): Consola iniciada
[INFO] 00:54:46:077 Consola/(21681:21681): Se agregó el operador NO_OP
[INFO] 00:54:46:078 Consola/(21681:21681): Se agregó el parametro 3
[INFO] 00:54:46:078 Consola/(21681:21681): Se agregó el operador I/O
[INFO] 00:54:46:078 Consola/(21681:21681): Se agregó el parametro 5000
[INFO] 00:54:46:078 Consola/(21681:21681): Se agregó el operador NO_OP
[INFO] 00:54:46:078 Consola/(21681:21681): Se agregó el parametro 3
[INFO] 00:54:46:078 Consola/(21681:21681): Se agregó el operador EXIT
[INFO] 00:54:46:079 Consola/(21681:21681): Se envió el cod operacion 12
[INFO] 00:54:46:079 Consola/(21681:21681): Lista de instrucciones enviada.
[INFO] 00:54:46:306 Consola/(21691:21691): Consola iniciada
[INFO] 00:54:46:313 Consola/(21691:21691): Se agregó el operador NO_OP
[INFO] 00:54:46:313 Consola/(21691:21691): Se agregó el parametro 3
[INFO] 00:54:46:313 Consola/(21691:21691): Se agregó el operador I/O
[INFO] 00:54:46:313 Consola/(21691:21691): Se agregó el parametro 5000
[INFO] 00:54:46:313 Consola/(21691:21691): Se agregó el operador NO_OP
[INFO] 00:54:46:313 Consola/(21691:21691): Se agregó el parametro 3
[INFO] 00:54:46:313 Consola/(21691:21691): Se agregó el operador EXIT
[INFO] 00:54:46:313 Consola/(21691:21691): Se envió el cod operacion 12
[INFO] 00:54:46:314 Consola/(21691:21691): Lista de instrucciones enviada.
[INFO] 00:54:46:475 Consola/(21700:21700): Consola iniciada
[INFO] 00:54:46:478 Consola/(21700:21700): Se agregó el operador NO_OP
[INFO] 00:54:46:479 Consola/(21700:21700): Se agregó el parametro 10
[INFO] 00:54:46:479 Consola/(21700:21700): Se agregó el operador EXIT
[INFO] 00:54:46:479 Consola/(21700:21700): Se envió el cod operacion 12
[INFO] 00:54:46:479 Consola/(21700:21700): Lista de instrucciones enviada.
[INFO] 00:55:06:166 Consola/(21700:21700): Respuesta recibida: 14
[INFO] 00:55:06:166 Consola/(21700:21700): Modulo consola finalizado
[INFO] 00:55:09:990 Consola/(21691:21691): Respuesta recibida: 191
[INFO] 00:55:09:990 Consola/(21691:21691): Modulo consola finalizado
[INFO] 00:55:09:997 Consola/(21681:21681): Respuesta recibida: 191
[INFO] 00:55:09:997 Consola/(21681:21681): Modulo consola finalizado
[INFO] 00:57:55:351 Consola/(21825:21825): Consola iniciada
[INFO] 00:57:55:370 Consola/(21825:21825): Se agregó el operador NO_OP
[INFO] 00:57:55:370 Consola/(21825:21825): Se agregó el parametro 3
[INFO] 00:57:55:370 Consola/(21825:21825): Se agregó el operador I/O
[INFO] 00:57:55:371 Consola/(21825:21825): Se agregó el parametro 5000
[INFO] 00:57:55:371 Consola/(21825:21825): Se agregó el operador NO_OP
[INFO] 00:57:55:371 Consola/(21825:21825): Se agregó el parametro 3
[INFO] 00:57:55:372 Consola/(21825:21825): Se agregó el operador EXIT
[INFO] 00:57:55:372 Consola/(21825:21825): Se envió el cod operacion 12
[INFO] 00:57:55:372 Consola/(21825:21825): Lista de instrucciones enviada.
[INFO] 00:57:55:608 Consola/(21834:21834): Consola iniciada
[INFO] 00:57:55:611 Consola/(21834:21834): Se agregó el operador NO_OP
[INFO] 00:57:55:611 Consola/(21834:21834): Se agregó el parametro 3
[INFO] 00:57:55:611 Consola/(21834:21834): Se agregó el operador I/O
[INFO] 00:57:55:611 Consola/(21834:21834): Se agregó el parametro 5000
[INFO] 00:57:55:611 Consola/(21834:21834): Se agregó el operador NO_OP
[INFO] 00:57:55:611 Consola/(21834:21834): Se agregó el parametro 3
[INFO] 00:57:55:612 Consola/(21834:21834): Se agregó el operador EXIT
[INFO] 00:57:55:612 Consola/(21834:21834): Se envió el cod operacion 12
[INFO] 00:57:55:612 Consola/(21834:21834): Lista de instrucciones enviada.
[INFO] 00:57:55:806 Consola/(21843:21843): Consola iniciada
[INFO] 00:57:55:812 Consola/(21843:21843): Se agregó el operador NO_OP
[INFO] 00:57:55:812 Consola/(21843:21843): Se agregó el parametro 10
[INFO] 00:57:55:812 Consola/(21843:21843): Se agregó el operador EXIT
[INFO] 00:57:55:812 Consola/(21843:21843): Se envió el cod operacion 12
[INFO] 00:57:55:812 Consola/(21843:21843): Lista de instrucciones enviada.
[INFO] 00:58:15:390 Consola/(21843:21843): Respuesta recibida: 14
[INFO] 00:58:15:390 Consola/(21843:21843): Modulo consola finalizado
[INFO] 00:58:18:986 Consola/(21825:21825): Respuesta recibida: 14
[INFO] 00:58:18:986 Consola/(21825:21825): Modulo consola finalizado
[INFO] 00:58:22:582 Consola/(21834:21834): Respuesta recibida: 14
[INFO] 00:58:22:582 Consola/(21834:21834): Modulo consola finalizado
[INFO] 01:02:18:266 Consola/(21942:21942): Consola iniciada
[INFO] 01:02:18:269 Consola/(21942:21942): Se agregó el operador NO_OP
[INFO] 01:02:18:269 Consola/(21942:21942): Se agregó el parametro 3
[INFO] 01:02:18:269 Consola/(21942:21942): Se agregó el operador I/O
[INFO] 01:02:18:269 Consola/(21942:21942): Se agregó el parametro 5000
[INFO] 01:02:18:269 Consola/(21942:21942): Se agregó el operador NO_OP
[INFO] 01:02:18:269 Consola/(21942:21942): Se agregó el parametro 3
[INFO] 01:02:18:269 Consola/(21942:21942): Se agregó el operador EXIT
[INFO] 01:02:18:269 Consola/(21942:21942): Se envió el cod operacion 12
[INFO] 01:02:18:269 Consola/(21942:21942): Lista de instrucciones enviada.
[INFO] 01:02:18:534 Consola/(21951:21951): Consola iniciada
[INFO] 01:02:18:542 Consola/(21951:21951): Se agregó el operador NO_OP
[INFO] 01:02:18:542 Consola/(21951:21951): Se agregó el parametro 3
[INFO] 01:02:18:542 Consola/(21951:21951): Se agregó el operador I/O
[INFO] 01:02:18:542 Consola/(21951:21951): Se agregó el parametro 5000
[INFO] 01:02:18:542 Consola/(21951:21951): Se agregó el operador NO_OP
[INFO] 01:02:18:542 Consola/(21951:21951): Se agregó el parametro 3
[INFO] 01:02:18:545 Consola/(21951:21951): Se agregó el operador EXIT
[INFO] 01:02:18:545 Consola/(21951:21951): Se envió el cod operacion 12
[INFO] 01:02:18:545 Consola/(21951:21951): Lista de instrucciones enviada.
[INFO] 01:02:18:774 Consola/(21961:21961): Consola iniciada
[INFO] 01:02:18:787 Consola/(21961:21961): Se agregó el operador NO_OP
[INFO] 01:02:18:787 Consola/(21961:21961): Se agregó el parametro 10
[INFO] 01:02:18:787 Consola/(21961:21961): Se agregó el operador EXIT
[INFO] 01:02:18:787 Consola/(21961:21961): Se envió el cod operacion 12
[INFO] 01:02:18:787 Consola/(21961:21961): Lista de instrucciones enviada.
[INFO] 01:02:38:829 Consola/(21961:21961): Respuesta recibida: 14
[INFO] 01:02:38:830 Consola/(21961:21961): Modulo consola finalizado
[INFO] 01:02:42:445 Consola/(21942:21942): Respuesta recibida: 14
[INFO] 01:02:42:445 Consola/(21942:21942): Modulo consola finalizado
[INFO] 01:02:46:069 Consola/(21951:21951): Respuesta recibida: 14
[INFO] 01:02:46:069 Consola/(21951:21951): Modulo consola finalizado
[INFO] 01:03:09:130 Consola/(22006:22006): Consola iniciada
[INFO] 01:03:09:138 Consola/(22006:22006): Se agregó el operador NO_OP
[INFO] 01:03:09:138 Consola/(22006:22006): Se agregó el parametro 3
[INFO] 01:03:09:138 Consola/(22006:22006): Se agregó el operador I/O
[INFO] 01:03:09:138 Consola/(22006:22006): Se agregó el parametro 5000
[INFO] 01:03:09:138 Consola/(22006:22006): Se agregó el operador NO_OP
[INFO] 01:03:09:138 Consola/(22006:22006): Se agregó el parametro 3
[INFO] 01:03:09:138 Consola/(22006:22006): Se agregó el operador EXIT
[INFO] 01:03:09:138 Consola/(22006:22006): Se envió el cod operacion 12
[INFO] 01:03:09:139 Consola/(22006:22006): Lista de instrucciones enviada.
[INFO] 01:03:09:347 Consola/(22015:22015): Consola iniciada
[INFO] 01:03:09:354 Consola/(22015:22015): Se agregó el operador NO_OP
[INFO] 01:03:09:355 Consola/(22015:22015): Se agregó el parametro 3
[INFO] 01:03:09:355 Consola/(22015:22015): Se agregó el operador I/O
[INFO] 01:03:09:355 Consola/(22015:22015): Se agregó el parametro 5000
[INFO] 01:03:09:355 Consola/(22015:22015): Se agregó el operador NO_OP
[INFO] 01:03:09:355 Consola/(22015:22015): Se agregó el parametro 3
[INFO] 01:03:09:355 Consola/(22015:22015): Se agregó el operador EXIT
[INFO] 01:03:09:356 Consola/(22015:22015): Se envió el cod operacion 12
[INFO] 01:03:09:357 Consola/(22015:22015): Lista de instrucciones enviada.
[INFO] 01:03:09:551 Consola/(22024:22024): Consola iniciada
[INFO] 01:03:09:553 Consola/(22024:22024): Se agregó el operador NO_OP
[INFO] 01:03:09:553 Consola/(22024:22024): Se agregó el parametro 10
[INFO] 01:03:09:553 Consola/(22024:22024): Se agregó el operador EXIT
[INFO] 01:03:09:553 Consola/(22024:22024): Se envió el cod operacion 12
[INFO] 01:03:09:553 Consola/(22024:22024): Lista de instrucciones enviada.
[INFO] 01:03:37:602 Consola/(22006:22006): Respuesta recibida: 14
[INFO] 01:03:37:602 Consola/(22006:22006): Modulo consola finalizado
[INFO] 01:03:46:205 Consola/(22015:22015): Respuesta recibida: 14
[INFO] 01:03:46:206 Consola/(22015:22015): Modulo consola finalizado
[INFO] 01:03:46:257 Consola/(22024:22024): Respuesta recibida: 14
[INFO] 01:03:46:257 Consola/(22024:22024): Modulo consola finalizado
