[INFO] 23:23:38:237 memoria/(7663:7663): 127.0.0.1
[INFO] 23:23:38:241 memoria/(7663:7663): 8002
[INFO] 23:23:38:241 memoria/(7663:7663): Escuchando en 127.0.0.1:8002 (Memoria)

[INFO] 23:23:38:241 memoria/(7663:7663): Memoria lista para recibir al cliente
[INFO] 23:23:49:100 memoria/(7663:7663): Cliente conectado (a Memoria)

[INFO] 23:23:49:107 memoria/(7663:7663): Socket cliente creado.
[INFO] 23:23:49:107 memoria/(7663:7663): Config enviado.
[INFO] 13:27:00:280 memoria/(4919:4919): 127.0.0.1
[INFO] 13:27:00:281 memoria/(4919:4919): 8002
[INFO] 13:27:00:282 memoria/(4919:4919): Escuchando en 127.0.0.1:8002 (Memoria)

[INFO] 13:27:00:282 memoria/(4919:4919): Memoria lista para recibir al cliente
[INFO] 13:27:25:014 memoria/(4919:4919): Cliente conectado (a Memoria)

[INFO] 13:27:25:034 memoria/(4919:4919): Socket cliente creado.
[INFO] 13:27:25:034 memoria/(4919:4919): Config enviado.
[INFO] 13:29:20:987 memoria/(5383:5383): 127.0.0.1
[INFO] 13:29:20:987 memoria/(5383:5383): 8002
[INFO] 13:29:20:987 memoria/(5383:5383): Escuchando en 127.0.0.1:8002 (Memoria)

[INFO] 13:29:20:988 memoria/(5383:5383): Memoria lista para recibir al cliente
[INFO] 13:29:30:322 memoria/(5383:5383): Cliente conectado (a Memoria)

[INFO] 13:29:30:323 memoria/(5383:5383): Socket cliente creado.
[INFO] 13:29:30:323 memoria/(5383:5383): Serializo ok.
[INFO] 13:29:30:323 memoria/(5383:5383): Config enviado.
[INFO] 13:29:57:064 memoria/(5507:5507): 127.0.0.1
[INFO] 13:29:57:065 memoria/(5507:5507): 8002
[INFO] 13:29:57:065 memoria/(5507:5507): Escuchando en 127.0.0.1:8002 (Memoria)

[INFO] 13:29:57:065 memoria/(5507:5507): Memoria lista para recibir al cliente
[INFO] 13:30:03:369 memoria/(5507:5507): Cliente conectado (a Memoria)

[INFO] 13:30:03:370 memoria/(5507:5507): Socket cliente creado.
[INFO] 13:30:03:371 memoria/(5507:5507): Serializo ok.
[INFO] 13:30:03:371 memoria/(5507:5507): Config enviado.
[INFO] 13:34:07:267 memoria/(6026:6026): 127.0.0.1
[INFO] 13:34:07:276 memoria/(6026:6026): 8002
[INFO] 13:34:07:276 memoria/(6026:6026): Escuchando en 127.0.0.1:8002 (Memoria)

[INFO] 13:34:07:277 memoria/(6026:6026): Memoria lista para recibir al cliente
[INFO] 13:34:13:516 memoria/(6026:6026): Cliente conectado (a Memoria)

[INFO] 13:34:13:518 memoria/(6026:6026): Socket cliente creado.
[INFO] 13:34:13:518 memoria/(6026:6026): Serializo ok.
[INFO] 13:34:13:518 memoria/(6026:6026): Config enviado.
[INFO] 14:06:30:549 memoria/(10047:10047): 127.0.0.1
[INFO] 14:06:30:550 memoria/(10047:10047): 8002
[INFO] 14:06:30:550 memoria/(10047:10047): Escuchando en 127.0.0.1:8002 (Memoria)

[INFO] 14:06:30:550 memoria/(10047:10047): Memoria lista para recibir al cliente
[INFO] 14:06:36:551 memoria/(10047:10047): Cliente conectado (a Memoria)

[INFO] 14:06:36:552 memoria/(10047:10047): Socket cliente creado.
[INFO] 14:06:36:552 memoria/(10047:10047): Serializo ok.
[INFO] 14:06:36:552 memoria/(10047:10047): Config enviado.
[INFO] 16:34:32:923 memoria/(15033:15033): 127.0.0.1
[INFO] 16:34:32:943 memoria/(15033:15033): 8002
[INFO] 16:34:32:943 memoria/(15033:15033): Escuchando en 127.0.0.1:8002 (Memoria)

[INFO] 16:34:32:944 memoria/(15033:15033): Memoria lista para recibir al cliente
[INFO] 16:34:40:631 memoria/(15033:15033): Cliente conectado (a Memoria)

[INFO] 16:34:40:633 memoria/(15033:15033): Socket cliente creado.
[INFO] 16:34:40:633 memoria/(15033:15033): Serializo ok.
[INFO] 16:34:40:633 memoria/(15033:15033): Config enviado.
[INFO] 16:45:12:291 memoria/(16390:16390): 127.0.0.1
[INFO] 16:45:12:300 memoria/(16390:16390): 8002
[INFO] 16:45:12:306 memoria/(16390:16390): Escuchando en 127.0.0.1:8002 (Memoria)

[INFO] 16:45:12:306 memoria/(16390:16390): Memoria lista para recibir al cliente
[INFO] 16:45:18:560 memoria/(16390:16390): Cliente conectado (a Memoria)

[INFO] 16:45:18:561 memoria/(16390:16390): Socket cliente memoria-cpu creado.
[INFO] 16:45:18:561 memoria/(16390:16390): Serializo ok.
[INFO] 16:45:18:561 memoria/(16390:16390): Config enviado.
[INFO] 16:45:53:988 memoria/(16487:16487): 127.0.0.1
[INFO] 16:45:53:996 memoria/(16487:16487): 8002
[INFO] 16:45:53:996 memoria/(16487:16487): Escuchando en 127.0.0.1:8002 (Memoria)

[INFO] 16:45:53:996 memoria/(16487:16487): Memoria lista para recibir al cliente
[INFO] 16:46:05:972 memoria/(16487:16487): Cliente conectado (a Memoria)

[INFO] 16:46:05:975 memoria/(16487:16487): Socket cliente memoria-cpu creado.
[INFO] 16:46:05:975 memoria/(16487:16487): Serializo ok.
[INFO] 16:46:05:975 memoria/(16487:16487): Config enviado.
[INFO] 16:48:44:684 memoria/(16853:16853): 127.0.0.1
[INFO] 16:48:44:685 memoria/(16853:16853): 8002
[INFO] 16:48:44:685 memoria/(16853:16853): Escuchando en 127.0.0.1:8002 (Memoria)

[INFO] 16:48:44:686 memoria/(16853:16853): Memoria lista para recibir al cliente
[INFO] 16:48:50:960 memoria/(16893:16893): 127.0.0.1
[INFO] 16:48:50:969 memoria/(16893:16893): 8002
[INFO] 16:48:50:969 memoria/(16893:16893): Escuchando en 127.0.0.1:8002 (Memoria)

[INFO] 16:48:50:970 memoria/(16893:16893): Memoria lista para recibir al cliente
[INFO] 16:49:10:012 memoria/(16951:16951): 127.0.0.1
[INFO] 16:49:10:027 memoria/(16951:16951): 8002
[INFO] 16:49:10:028 memoria/(16951:16951): Escuchando en 127.0.0.1:8002 (Memoria)

[INFO] 16:49:10:029 memoria/(16951:16951): Memoria lista para recibir al cliente
[INFO] 16:49:17:340 memoria/(16951:16951): Cliente conectado (a Memoria)

[INFO] 16:49:17:341 memoria/(16951:16951): Socket cliente memoria-cpu creado.
[INFO] 16:49:17:341 memoria/(16951:16951): Serializo ok.
[INFO] 16:49:17:341 memoria/(16951:16951): Config enviado.
[INFO] 00:25:27:702 memoria/(2709:2709): Memoria iniciada
[INFO] 00:25:27:703 memoria/(2709:2709): Escuchando en 127.0.0.1:8002 (memoria)

[INFO] 00:25:27:704 memoria/(2709:2709): Memoria lista para recibir al cliente
[INFO] 00:25:39:017 memoria/(2709:2709): Cliente conectado (a memoria)

[INFO] 00:25:39:037 memoria/(2709:2728): Socket cliente memoria-cpu creado.
[INFO] 00:25:39:038 memoria/(2709:2728): Config enviado.
[WARNING] 00:25:39:038 memoria/(2709:2728): El cliente se desconecto de server memoria
[INFO] 00:49:13:003 memoria/(20935:20935): Memoria iniciada
[INFO] 00:49:13:004 memoria/(20935:20935): Escuchando en 127.0.0.1:8002 (memoria)

[INFO] 00:49:13:005 memoria/(20935:20935): Memoria lista para recibir al cliente
[INFO] 00:51:04:309 memoria/(21302:21302): Memoria iniciada
[INFO] 00:51:04:309 memoria/(21302:21302): Escuchando en 127.0.0.1:8002 (memoria)

[INFO] 00:51:04:309 memoria/(21302:21302): Memoria lista para recibir al cliente
[INFO] 00:51:14:235 memoria/(21302:21302): Cliente conectado (a memoria)

<<<<<<< HEAD
[INFO] 12:29:33:554 memoria/(4134:4134): Memoria iniciada
[INFO] 12:29:33:555 memoria/(4134:4134): Escuchando en 127.0.0.1:8002 (memoria)

[INFO] 12:29:33:555 memoria/(4134:4134): Memoria lista para recibir al cliente
[INFO] 12:30:18:221 memoria/(4134:4134): Cliente conectado (a memoria)

[INFO] 12:30:54:943 memoria/(4211:4211): Memoria iniciada
[INFO] 12:30:54:944 memoria/(4211:4211): Memoria lista para recibir al cliente
[INFO] 12:30:54:944 memoria/(4211:4211): Cliente conectado (a memoria)

[INFO] 12:30:54:945 memoria/(4211:4211): Módulo Memoria finalizado.
[INFO] 12:31:00:323 memoria/(4220:4220): Memoria iniciada
[INFO] 12:31:00:323 memoria/(4220:4220): Memoria lista para recibir al cliente
[INFO] 12:31:00:323 memoria/(4220:4220): Cliente conectado (a memoria)

[INFO] 12:31:00:323 memoria/(4220:4220): Módulo Memoria finalizado.
[INFO] 12:31:03:990 memoria/(4222:4222): Memoria iniciada
[INFO] 12:31:03:991 memoria/(4222:4222): Memoria lista para recibir al cliente
[INFO] 12:31:03:991 memoria/(4222:4222): Cliente conectado (a memoria)

[INFO] 12:31:03:991 memoria/(4222:4222): Módulo Memoria finalizado.
[INFO] 12:31:05:100 memoria/(4224:4224): Memoria iniciada
[INFO] 12:31:05:100 memoria/(4224:4224): Memoria lista para recibir al cliente
[INFO] 12:31:05:100 memoria/(4224:4224): Cliente conectado (a memoria)

[INFO] 12:31:05:100 memoria/(4224:4224): Módulo Memoria finalizado.
[INFO] 12:31:06:831 memoria/(4226:4226): Memoria iniciada
[INFO] 12:31:06:832 memoria/(4226:4226): Memoria lista para recibir al cliente
[INFO] 12:31:06:832 memoria/(4226:4226): Cliente conectado (a memoria)

[INFO] 12:31:06:832 memoria/(4226:4226): Módulo Memoria finalizado.
[INFO] 12:31:47:452 memoria/(4594:4594): Memoria iniciada
[INFO] 12:31:47:453 memoria/(4594:4594): Memoria lista para recibir al cliente
[INFO] 12:31:47:453 memoria/(4594:4594): Cliente conectado (a memoria)

[INFO] 12:31:47:453 memoria/(4594:4594): Módulo Memoria finalizado.
[INFO] 12:32:04:378 memoria/(4612:4612): Memoria iniciada
[INFO] 12:32:04:378 memoria/(4612:4612): Escuchando en 127.0.0.1:8002 (memoria)

[INFO] 12:32:04:379 memoria/(4612:4612): Memoria lista para recibir al cliente
[INFO] 12:32:21:525 memoria/(4612:4612): Cliente conectado (a memoria)

[INFO] 12:35:16:987 memoria/(4820:4820): Memoria iniciada
[INFO] 12:35:16:988 memoria/(4820:4820): Memoria lista para recibir al cliente
[INFO] 12:35:16:988 memoria/(4820:4820): Cliente conectado (a memoria)

[INFO] 12:35:16:988 memoria/(4820:4820): Módulo Memoria finalizado.
[INFO] 12:35:21:050 memoria/(4824:4824): Memoria iniciada
[INFO] 12:35:21:050 memoria/(4824:4824): Memoria lista para recibir al cliente
[INFO] 12:35:21:051 memoria/(4824:4824): Cliente conectado (a memoria)

[INFO] 12:35:21:051 memoria/(4824:4824): Módulo Memoria finalizado.
[INFO] 12:35:25:335 memoria/(4826:4826): Memoria iniciada
[INFO] 12:35:25:336 memoria/(4826:4826): Memoria lista para recibir al cliente
[INFO] 12:35:25:336 memoria/(4826:4826): Cliente conectado (a memoria)

[INFO] 12:35:25:336 memoria/(4826:4826): Módulo Memoria finalizado.
[INFO] 12:35:26:738 memoria/(4828:4828): Memoria iniciada
[INFO] 12:35:26:739 memoria/(4828:4828): Memoria lista para recibir al cliente
[INFO] 12:35:26:739 memoria/(4828:4828): Cliente conectado (a memoria)

[INFO] 12:35:26:739 memoria/(4828:4828): Módulo Memoria finalizado.
[INFO] 12:35:33:729 memoria/(4832:4832): Memoria iniciada
[INFO] 12:35:33:729 memoria/(4832:4832): Memoria lista para recibir al cliente
[INFO] 12:35:33:730 memoria/(4832:4832): Cliente conectado (a memoria)

[INFO] 12:35:33:730 memoria/(4832:4832): Módulo Memoria finalizado.
[INFO] 12:35:35:506 memoria/(4834:4834): Memoria iniciada
[INFO] 12:35:35:507 memoria/(4834:4834): Memoria lista para recibir al cliente
[INFO] 12:35:35:507 memoria/(4834:4834): Cliente conectado (a memoria)

[INFO] 12:35:35:507 memoria/(4834:4834): Módulo Memoria finalizado.
[INFO] 12:35:45:261 memoria/(4837:4837): Memoria iniciada
[INFO] 12:35:45:262 memoria/(4837:4837): Memoria lista para recibir al cliente
[INFO] 12:35:45:262 memoria/(4837:4837): Cliente conectado (a memoria)

[INFO] 12:35:45:262 memoria/(4837:4837): Módulo Memoria finalizado.
[INFO] 12:35:55:782 memoria/(4841:4841): Memoria iniciada
[INFO] 12:35:55:783 memoria/(4841:4841): Memoria lista para recibir al cliente
[INFO] 12:35:55:783 memoria/(4841:4841): Cliente conectado (a memoria)

[INFO] 12:35:55:784 memoria/(4841:4841): Módulo Memoria finalizado.
[INFO] 12:36:05:681 memoria/(4850:4850): Memoria iniciada
[INFO] 12:36:05:681 memoria/(4850:4850): Memoria lista para recibir al cliente
[INFO] 12:36:05:682 memoria/(4850:4850): Cliente conectado (a memoria)

[INFO] 12:36:05:682 memoria/(4850:4850): Módulo Memoria finalizado.
[INFO] 12:36:10:509 memoria/(4853:4853): Memoria iniciada
[INFO] 12:36:10:510 memoria/(4853:4853): Memoria lista para recibir al cliente
[INFO] 12:36:10:510 memoria/(4853:4853): Cliente conectado (a memoria)

[INFO] 12:36:10:510 memoria/(4853:4853): Módulo Memoria finalizado.
[INFO] 12:36:22:515 memoria/(4859:4859): Memoria iniciada
[INFO] 12:36:22:515 memoria/(4859:4859): Memoria lista para recibir al cliente
[INFO] 12:36:22:515 memoria/(4859:4859): Cliente conectado (a memoria)

[INFO] 12:36:22:515 memoria/(4859:4859): Módulo Memoria finalizado.
[INFO] 12:36:28:511 memoria/(4863:4863): Memoria iniciada
[INFO] 12:36:28:511 memoria/(4863:4863): Memoria lista para recibir al cliente
[INFO] 12:36:28:512 memoria/(4863:4863): Cliente conectado (a memoria)

[INFO] 12:36:28:512 memoria/(4863:4863): Módulo Memoria finalizado.
[INFO] 12:37:14:764 memoria/(4916:4916): Memoria iniciada
[INFO] 12:37:14:764 memoria/(4916:4916): Escuchando en 127.0.0.1:8002 (memoria)

[INFO] 12:37:14:765 memoria/(4916:4916): Memoria lista para recibir al cliente
[INFO] 12:37:45:958 memoria/(4916:4916): Cliente conectado (a memoria)

[ERROR] 12:38:58:978 memoria/(4916:5024): Algo anduvo mal en el server de memoria
[INFO] 12:38:58:978 memoria/(4916:5024): Cop: 183
[INFO] 12:39:23:647 memoria/(5097:5097): Memoria iniciada
[INFO] 12:39:23:648 memoria/(5097:5097): Escuchando en 127.0.0.1:8002 (memoria)

[INFO] 12:39:23:648 memoria/(5097:5097): Memoria lista para recibir al cliente
[INFO] 12:40:19:956 memoria/(5097:5097): Cliente conectado (a memoria)

[ERROR] 12:41:17:691 memoria/(5097:5214): Algo anduvo mal en el server de memoria
[INFO] 12:41:17:691 memoria/(5097:5214): Cop: 183
=======
[INFO] 12:02:22:146 memoria/(9602:9602): Memoria iniciada
[INFO] 12:02:22:148 memoria/(9602:9602): Escuchando en 127.0.0.1:8002 (memoria)

[INFO] 12:02:22:158 memoria/(9602:9602): Memoria lista para recibir al cliente
[INFO] 12:02:34:363 memoria/(9602:9602): Cliente conectado (a memoria)

[INFO] 12:02:34:371 memoria/(9602:9622): Socket cliente memoria-cpu creado.
[INFO] 12:02:34:371 memoria/(9602:9622): Config enviado.
[WARNING] 12:02:34:371 memoria/(9602:9622): El cliente se desconecto de server memoria
[INFO] 12:03:34:095 memoria/(9751:9751): Memoria iniciada
[INFO] 12:03:34:096 memoria/(9751:9751): Escuchando en 127.0.0.1:8002 (memoria)

[INFO] 12:03:34:099 memoria/(9751:9751): Memoria lista para recibir al cliente
[INFO] 12:03:40:309 memoria/(9751:9751): Cliente conectado (a memoria)

[INFO] 12:03:40:313 memoria/(9751:9759): Socket cliente memoria-cpu creado.
[INFO] 12:03:40:318 memoria/(9751:9759): Config enviado.
[WARNING] 12:03:40:319 memoria/(9751:9759): El cliente se desconecto de server memoria
[INFO] 12:25:38:910 memoria/(12379:12379): Memoria iniciada
[INFO] 12:25:38:920 memoria/(12379:12379): Escuchando en 127.0.0.1:8002 (memoria)

[INFO] 12:25:38:920 memoria/(12379:12379): Memoria lista para recibir al cliente
[INFO] 12:26:36:395 memoria/(12589:12589): Memoria iniciada
[INFO] 12:26:36:395 memoria/(12589:12589): Escuchando en 127.0.0.1:8002 (memoria)

[INFO] 12:26:36:396 memoria/(12589:12589): Memoria lista para recibir al cliente
[INFO] 12:26:41:053 memoria/(12589:12589): Cliente conectado (a memoria)

[INFO] 12:26:41:057 memoria/(12589:12603): Socket cliente memoria-cpu creado.
[INFO] 12:27:13:513 memoria/(12589:12603): Config enviado.
[INFO] 12:27:56:732 memoria/(12728:12728): Memoria iniciada
[INFO] 12:27:56:733 memoria/(12728:12728): Escuchando en 127.0.0.1:8002 (memoria)

[INFO] 12:27:56:733 memoria/(12728:12728): Memoria lista para recibir al cliente
[INFO] 12:28:29:767 memoria/(12728:12728): Cliente conectado (a memoria)

[INFO] 12:28:29:768 memoria/(12728:12856): Socket cliente memoria-cpu creado.
[INFO] 12:28:29:768 memoria/(12728:12856): Config enviado.
[WARNING] 12:28:29:768 memoria/(12728:12856): El cliente se desconecto de server memoria
>>>>>>> main
[INFO] 19:51:01:969 memoria/(11365:11365): Memoria iniciada
[INFO] 19:51:01:970 memoria/(11365:11365): Escuchando en 127.0.0.1:8002 (memoria)

[INFO] 19:51:01:971 memoria/(11365:11365): Memoria lista para recibir al cliente
[INFO] 19:51:33:790 memoria/(11365:11365): Cliente conectado (a memoria)

[INFO] 11:49:45:167 memoria/(10096:10096): Memoria iniciada
[INFO] 11:49:45:169 memoria/(10096:10096): Escuchando en 127.0.0.1:8002 (memoria)

[INFO] 11:49:45:170 memoria/(10096:10096): Memoria lista para recibir al cliente
[INFO] 11:50:42:798 memoria/(10096:10096): Cliente conectado (a memoria)

[INFO] 11:50:42:800 memoria/(10096:10304): Socket cliente memoria-cpu creado.
[INFO] 11:50:42:800 memoria/(10096:10304): Config enviado.
[WARNING] 11:50:42:800 memoria/(10096:10304): El cliente se desconecto de server memoria
[INFO] 11:52:23:179 memoria/(10096:10096): Cliente conectado (a memoria)

[INFO] 20:30:09:288 memoria/(6438:6438): Memoria iniciada
[INFO] 20:30:09:289 memoria/(6438:6438): Escuchando en 127.0.0.1:8002 (memoria)

[INFO] 20:30:09:289 memoria/(6438:6438): Memoria lista para recibir al cliente
[INFO] 20:30:13:788 memoria/(6438:6438): Cliente conectado (a memoria)

[ERROR] 20:30:14:115 memoria/(6438:6457): Algo anduvo mal en el server de memoria
[INFO] 20:30:14:115 memoria/(6438:6457): Cop: 183
[INFO] 20:36:12:670 memoria/(7039:7039): Memoria iniciada
[INFO] 20:36:12:671 memoria/(7039:7039): Escuchando en 127.0.0.1:8002 (memoria)

[INFO] 20:36:12:671 memoria/(7039:7039): Memoria lista para recibir al cliente
[INFO] 20:36:20:644 memoria/(7039:7039): Cliente conectado (a memoria)

[ERROR] 20:36:20:810 memoria/(7039:7061): Algo anduvo mal en el server de memoria
[INFO] 20:36:20:810 memoria/(7039:7061): Cop: 183
[INFO] 11:37:56:376 memoria/(4701:4701): Memoria iniciada
[INFO] 11:37:56:377 memoria/(4701:4701): Escuchando en 127.0.0.1:8002 (memoria)

[INFO] 11:37:56:378 memoria/(4701:4701): Memoria lista para recibir al cliente
[INFO] 11:38:07:402 memoria/(4701:4701): Cliente conectado (a memoria)

[ERROR] 11:38:07:635 memoria/(4701:4737): Algo anduvo mal en el server de memoria
[INFO] 11:38:07:635 memoria/(4701:4737): Cop: 183
[INFO] 11:44:32:406 memoria/(5761:5761): Memoria iniciada
[INFO] 11:44:32:407 memoria/(5761:5761): Escuchando en 127.0.0.1:8002 (memoria)

[INFO] 11:44:32:407 memoria/(5761:5761): Memoria lista para recibir al cliente
[INFO] 11:44:35:850 memoria/(5761:5761): Cliente conectado (a memoria)

[ERROR] 11:44:36:034 memoria/(5761:5788): Algo anduvo mal en el server de memoria
[INFO] 11:44:36:034 memoria/(5761:5788): Cop: 183
[INFO] 11:45:07:325 memoria/(5761:5761): Cliente conectado (a memoria)

[ERROR] 11:45:07:494 memoria/(5761:5912): Algo anduvo mal en el server de memoria
[INFO] 11:45:07:494 memoria/(5761:5912): Cop: 183
[INFO] 11:45:35:545 memoria/(5761:5761): Cliente conectado (a memoria)

[ERROR] 11:45:35:710 memoria/(5761:6004): Algo anduvo mal en el server de memoria
[INFO] 11:45:35:710 memoria/(5761:6004): Cop: 183
[INFO] 11:53:53:294 memoria/(6966:6966): Memoria iniciada
[INFO] 11:53:53:294 memoria/(6966:6966): Escuchando en 127.0.0.1:8002 (memoria)

[INFO] 11:53:53:294 memoria/(6966:6966): Memoria lista para recibir al cliente
[INFO] 11:53:58:913 memoria/(6966:6966): Cliente conectado (a memoria)

[INFO] 11:53:58:914 memoria/(6966:6987): Socket cliente memoria-cpu creado.
[INFO] 11:54:50:084 memoria/(7108:7108): Memoria iniciada
[INFO] 11:54:50:084 memoria/(7108:7108): Memoria lista para recibir al cliente
[INFO] 11:54:50:084 memoria/(7108:7108): Cliente conectado (a memoria)

[INFO] 11:54:50:084 memoria/(7108:7108): Módulo Memoria finalizado.
[INFO] 11:55:48:322 memoria/(7251:7251): Memoria iniciada
[INFO] 11:55:48:323 memoria/(7251:7251): Escuchando en 127.0.0.1:8002 (memoria)

[INFO] 11:55:48:323 memoria/(7251:7251): Memoria lista para recibir al cliente
[INFO] 11:57:12:513 memoria/(7251:7251): Cliente conectado (a memoria)

[ERROR] 11:57:12:674 memoria/(7251:7473): Algo anduvo mal en el server de memoria
[INFO] 11:57:12:674 memoria/(7251:7473): Cop: 183
[INFO] 11:57:45:694 memoria/(7251:7251): Cliente conectado (a memoria)

[ERROR] 11:57:45:887 memoria/(7251:7551): Algo anduvo mal en el server de memoria
[INFO] 11:57:45:887 memoria/(7251:7551): Cop: 183
[INFO] 11:57:53:444 memoria/(7574:7574): Memoria iniciada
[INFO] 11:57:53:445 memoria/(7574:7574): Escuchando en 127.0.0.1:8002 (memoria)

[INFO] 11:57:53:445 memoria/(7574:7574): Memoria lista para recibir al cliente
[INFO] 11:57:56:893 memoria/(7574:7574): Cliente conectado (a memoria)

[ERROR] 11:57:57:048 memoria/(7574:7591): Algo anduvo mal en el server de memoria
[INFO] 11:57:57:048 memoria/(7574:7591): Cop: 183
[INFO] 12:00:57:454 memoria/(7896:7896): Memoria iniciada
[INFO] 12:00:57:455 memoria/(7896:7896): Escuchando en 127.0.0.1:8002 (memoria)

[INFO] 12:00:57:455 memoria/(7896:7896): Memoria lista para recibir al cliente
[INFO] 12:01:10:412 memoria/(7896:7896): Cliente conectado (a memoria)

[ERROR] 12:01:56:127 memoria/(7896:8001): Algo anduvo mal en el server de memoria
[INFO] 12:01:56:127 memoria/(7896:8001): Cop: 183
[INFO] 12:02:56:100 memoria/(8197:8197): Memoria iniciada
[INFO] 12:02:56:100 memoria/(8197:8197): Escuchando en 127.0.0.1:8002 (memoria)

[INFO] 12:02:56:101 memoria/(8197:8197): Memoria lista para recibir al cliente
[INFO] 12:02:58:896 memoria/(8197:8197): Cliente conectado (a memoria)

[INFO] 12:02:58:917 memoria/(8197:8210): Socket cliente memoria-cpu creado.
[INFO] 12:02:58:918 memoria/(8197:8210): Config enviado.
[WARNING] 12:02:58:918 memoria/(8197:8210): El cliente se desconecto de server memoria
[INFO] 12:04:03:689 memoria/(8332:8332): Memoria iniciada
[INFO] 12:04:03:690 memoria/(8332:8332): Escuchando en 127.0.0.1:8002 (memoria)

[INFO] 12:04:03:690 memoria/(8332:8332): Memoria lista para recibir al cliente
[INFO] 12:04:07:066 memoria/(8332:8332): Cliente conectado (a memoria)

[INFO] 12:04:07:081 memoria/(8332:8347): Socket cliente memoria-cpu creado.
[INFO] 12:04:07:084 memoria/(8332:8347): Config enviado.
[WARNING] 12:04:07:084 memoria/(8332:8347): El cliente se desconecto de server memoria
[INFO] 12:04:56:211 memoria/(8460:8460): Memoria iniciada
[INFO] 12:04:56:211 memoria/(8460:8460): Escuchando en 127.0.0.1:8002 (memoria)

[INFO] 12:04:56:211 memoria/(8460:8460): Memoria lista para recibir al cliente
[INFO] 12:04:59:744 memoria/(8460:8460): Cliente conectado (a memoria)

[INFO] 12:04:59:746 memoria/(8460:8477): Socket cliente memoria-cpu creado.
[INFO] 12:05:20:758 memoria/(8536:8536): Memoria iniciada
[INFO] 12:05:20:758 memoria/(8536:8536): Memoria lista para recibir al cliente
[INFO] 12:05:20:759 memoria/(8536:8536): Cliente conectado (a memoria)

[INFO] 12:05:20:759 memoria/(8536:8536): Módulo Memoria finalizado.
[INFO] 12:05:31:981 memoria/(8552:8552): Memoria iniciada
[INFO] 12:05:31:981 memoria/(8552:8552): Memoria lista para recibir al cliente
[INFO] 12:05:31:982 memoria/(8552:8552): Cliente conectado (a memoria)

[INFO] 12:05:31:982 memoria/(8552:8552): Módulo Memoria finalizado.
[INFO] 12:05:58:564 memoria/(8612:8612): Memoria iniciada
[INFO] 12:05:58:565 memoria/(8612:8612): Memoria lista para recibir al cliente
[INFO] 12:05:58:565 memoria/(8612:8612): Cliente conectado (a memoria)

[INFO] 12:05:58:565 memoria/(8612:8612): Módulo Memoria finalizado.
[INFO] 12:08:25:219 memoria/(8824:8824): Memoria iniciada
[INFO] 12:08:25:220 memoria/(8824:8824): Escuchando en 127.0.0.1:8002 (memoria)

[INFO] 12:08:25:220 memoria/(8824:8824): Memoria lista para recibir al cliente
[INFO] 12:08:29:513 memoria/(8824:8824): Cliente conectado (a memoria)

[INFO] 12:08:29:529 memoria/(8824:8840): Socket cliente memoria-cpu creado.
[INFO] 12:08:29:529 memoria/(8824:8840): Config enviado.
[WARNING] 12:08:29:529 memoria/(8824:8840): El cliente se desconecto de server memoria
[INFO] 12:10:07:123 memoria/(9010:9010): Memoria iniciada
[INFO] 12:10:07:124 memoria/(9010:9010): Escuchando en 127.0.0.1:8002 (memoria)

[INFO] 12:10:07:124 memoria/(9010:9010): Memoria lista para recibir al cliente
[INFO] 12:10:10:437 memoria/(9010:9010): Cliente conectado (a memoria)

[INFO] 12:10:10:470 memoria/(9010:9026): Socket cliente memoria-cpu creado.
[INFO] 12:13:09:086 memoria/(9332:9332): Memoria iniciada
[INFO] 12:13:09:086 memoria/(9332:9332): Escuchando en 127.0.0.1:8002 (memoria)

[INFO] 12:13:09:087 memoria/(9332:9332): Memoria lista para recibir al cliente
[INFO] 12:13:12:810 memoria/(9332:9332): Cliente conectado (a memoria)

[INFO] 12:13:12:827 memoria/(9332:9348): Socket cliente memoria-cpu creado.
[INFO] 12:13:12:827 memoria/(9332:9348): Config enviado.
[WARNING] 12:13:12:827 memoria/(9332:9348): El cliente se desconecto de server memoria
[INFO] 12:15:24:564 memoria/(9557:9557): Memoria iniciada
[INFO] 12:15:24:565 memoria/(9557:9557): Escuchando en 127.0.0.1:8002 (memoria)

[INFO] 12:15:24:565 memoria/(9557:9557): Memoria lista para recibir al cliente
[INFO] 12:15:29:520 memoria/(9557:9557): Cliente conectado (a memoria)

[INFO] 12:15:29:523 memoria/(9557:9584): Socket cliente memoria-cpu creado.
[INFO] 12:15:29:523 memoria/(9557:9584): Config enviado.
[WARNING] 12:15:29:524 memoria/(9557:9584): El cliente se desconecto de server memoria
[INFO] 12:43:00:376 memoria/(12315:12315): Memoria iniciada
[INFO] 12:43:00:377 memoria/(12315:12315): Escuchando en 127.0.0.1:8002 (memoria)

[INFO] 12:43:00:377 memoria/(12315:12315): Memoria lista para recibir al cliente
[INFO] 12:43:04:059 memoria/(12315:12315): Cliente conectado (a memoria)

[INFO] 12:43:04:073 memoria/(12315:12328): Socket cliente memoria-cpu creado.
[INFO] 12:43:04:076 memoria/(12315:12328): Config enviado.
[WARNING] 12:43:04:076 memoria/(12315:12328): El cliente se desconecto de server memoria
[INFO] 12:43:40:905 memoria/(12413:12413): Memoria iniciada
[INFO] 12:43:40:906 memoria/(12413:12413): Escuchando en 127.0.0.1:8002 (memoria)

[INFO] 12:43:40:906 memoria/(12413:12413): Memoria lista para recibir al cliente
[INFO] 12:43:43:866 memoria/(12413:12413): Cliente conectado (a memoria)

[INFO] 12:43:43:868 memoria/(12413:12431): Socket cliente memoria-cpu creado.
[INFO] 12:44:28:465 memoria/(12548:12548): Memoria iniciada
[INFO] 12:44:28:466 memoria/(12548:12548): Escuchando en 127.0.0.1:8002 (memoria)

[INFO] 12:44:28:466 memoria/(12548:12548): Memoria lista para recibir al cliente
[INFO] 12:44:32:152 memoria/(12548:12548): Cliente conectado (a memoria)

[INFO] 12:44:32:155 memoria/(12548:12562): Socket cliente memoria-cpu creado.
[INFO] 12:45:14:112 memoria/(12659:12659): Memoria iniciada
[INFO] 12:45:14:112 memoria/(12659:12659): Escuchando en 127.0.0.1:8002 (memoria)

[INFO] 12:45:14:112 memoria/(12659:12659): Memoria lista para recibir al cliente
[INFO] 12:45:17:974 memoria/(12659:12659): Cliente conectado (a memoria)

[INFO] 12:45:17:978 memoria/(12659:12675): Socket cliente memoria-cpu creado.
[INFO] 12:45:17:978 memoria/(12659:12675): Config enviado.
[WARNING] 12:45:17:978 memoria/(12659:12675): El cliente se desconecto de server memoria
[INFO] 12:50:04:286 memoria/(13107:13107): Memoria iniciada
[INFO] 12:50:04:286 memoria/(13107:13107): Escuchando en 127.0.0.1:8002 (memoria)

[INFO] 12:50:04:286 memoria/(13107:13107): Memoria lista para recibir al cliente
[INFO] 12:50:13:239 memoria/(13107:13107): Cliente conectado (a memoria)

[INFO] 12:50:18:566 memoria/(13107:13224): Socket cliente memoria-cpu creado.
[INFO] 12:50:18:567 memoria/(13107:13224): Config enviado.
[WARNING] 12:50:18:567 memoria/(13107:13224): El cliente se desconecto de server memoria
[INFO] 12:51:00:843 memoria/(13355:13355): Memoria iniciada
[INFO] 12:51:00:844 memoria/(13355:13355): Escuchando en 127.0.0.1:8002 (memoria)

[INFO] 12:51:00:844 memoria/(13355:13355): Memoria lista para recibir al cliente
[INFO] 12:51:04:291 memoria/(13355:13355): Cliente conectado (a memoria)

[INFO] 12:51:04:296 memoria/(13355:13368): Socket cliente memoria-cpu creado.
[INFO] 12:51:11:578 memoria/(13390:13390): Memoria iniciada
[INFO] 12:51:11:578 memoria/(13390:13390): Escuchando en 127.0.0.1:8002 (memoria)

[INFO] 12:51:11:579 memoria/(13390:13390): Memoria lista para recibir al cliente
[INFO] 12:51:20:052 memoria/(13390:13390): Cliente conectado (a memoria)

[INFO] 12:51:20:058 memoria/(13390:13481): Socket cliente memoria-cpu creado.
[INFO] 12:55:00:925 memoria/(13940:13940): Memoria iniciada
[INFO] 12:55:00:926 memoria/(13940:13940): Escuchando en 127.0.0.1:8002 (memoria)

[INFO] 12:55:00:926 memoria/(13940:13940): Memoria lista para recibir al cliente
[INFO] 12:55:04:571 memoria/(13940:13940): Cliente conectado (a memoria)

[INFO] 12:55:04:578 memoria/(13940:13953): Socket cliente memoria-cpu creado.
[INFO] 12:55:04:579 memoria/(13940:13953): Config enviado.
[WARNING] 12:55:04:580 memoria/(13940:13953): El cliente se desconecto de server memoria
[INFO] 12:56:20:688 memoria/(14117:14117): Memoria iniciada
[INFO] 12:56:20:689 memoria/(14117:14117): Escuchando en 127.0.0.1:8002 (memoria)

[INFO] 12:56:20:689 memoria/(14117:14117): Memoria lista para recibir al cliente
[INFO] 12:56:24:577 memoria/(14117:14117): Cliente conectado (a memoria)

[INFO] 12:56:24:580 memoria/(14117:14134): Socket cliente memoria-cpu creado.
[INFO] 12:56:24:581 memoria/(14117:14134): Config enviado.
[WARNING] 12:56:24:581 memoria/(14117:14134): El cliente se desconecto de server memoria
[INFO] 12:57:53:568 memoria/(14293:14293): Memoria iniciada
[INFO] 12:57:53:568 memoria/(14293:14293): Escuchando en 127.0.0.1:8002 (memoria)

[INFO] 12:57:53:569 memoria/(14293:14293): Memoria lista para recibir al cliente
[INFO] 12:57:56:985 memoria/(14293:14293): Cliente conectado (a memoria)

[INFO] 12:57:56:993 memoria/(14293:14309): Socket cliente memoria-cpu creado.
[INFO] 12:57:56:994 memoria/(14293:14309): Config enviado.
[WARNING] 12:57:56:994 memoria/(14293:14309): El cliente se desconecto de server memoria
[INFO] 13:25:43:297 memoria/(16822:16822): Memoria iniciada
[INFO] 13:25:43:297 memoria/(16822:16822): Escuchando en 127.0.0.1:8002 (memoria)

[INFO] 13:25:43:297 memoria/(16822:16822): Memoria lista para recibir al cliente
[INFO] 13:25:48:180 memoria/(16822:16822): Cliente conectado (a memoria)

[INFO] 13:25:48:181 memoria/(16822:16840): Socket cliente memoria-cpu creado.
[INFO] 13:26:21:579 memoria/(16905:16905): Memoria iniciada
[INFO] 13:26:21:579 memoria/(16905:16905): Escuchando en 127.0.0.1:8002 (memoria)

[INFO] 13:26:21:580 memoria/(16905:16905): Memoria lista para recibir al cliente
[INFO] 13:26:37:075 memoria/(16905:16905): Cliente conectado (a memoria)

[INFO] 13:26:37:085 memoria/(16905:17024): Socket cliente memoria-cpu creado.
[INFO] 13:27:05:645 memoria/(17081:17081): Memoria iniciada
[INFO] 13:27:05:646 memoria/(17081:17081): Escuchando en 127.0.0.1:8002 (memoria)

[INFO] 13:27:05:646 memoria/(17081:17081): Memoria lista para recibir al cliente
[INFO] 13:27:08:081 memoria/(17081:17081): Cliente conectado (a memoria)

[INFO] 13:27:08:084 memoria/(17081:17096): Socket cliente memoria-cpu creado.
[INFO] 13:27:08:084 memoria/(17081:17096): Config enviado.
[WARNING] 13:27:08:085 memoria/(17081:17096): El cliente se desconecto de server memoria
[INFO] 13:37:15:641 memoria/(18187:18187): Memoria iniciada
[INFO] 13:37:15:642 memoria/(18187:18187): Escuchando en 127.0.0.1:8002 (memoria)

[INFO] 13:37:15:642 memoria/(18187:18187): Memoria lista para recibir al cliente
[INFO] 13:37:23:317 memoria/(18187:18187): Cliente conectado (a memoria)

[INFO] 13:37:23:324 memoria/(18187:18279): Socket cliente memoria-cpu creado.
[INFO] 13:38:55:267 memoria/(18422:18422): Memoria iniciada
[INFO] 13:38:55:267 memoria/(18422:18422): Escuchando en 127.0.0.1:8002 (memoria)

[INFO] 13:38:55:267 memoria/(18422:18422): Memoria lista para recibir al cliente
[INFO] 13:39:04:566 memoria/(18422:18422): Cliente conectado (a memoria)

[INFO] 13:39:04:567 memoria/(18422:18515): Socket cliente memoria-cpu creado.
[INFO] 13:39:04:567 memoria/(18422:18515): Config enviado.
[WARNING] 13:39:04:567 memoria/(18422:18515): El cliente se desconecto de server memoria
[INFO] 13:40:33:054 memoria/(18658:18658): Memoria iniciada
[INFO] 13:40:33:055 memoria/(18658:18658): Escuchando en 127.0.0.1:8002 (memoria)

[INFO] 13:40:33:055 memoria/(18658:18658): Memoria lista para recibir al cliente
[INFO] 13:40:38:931 memoria/(18658:18658): Cliente conectado (a memoria)

[INFO] 13:40:38:932 memoria/(18658:18754): Socket cliente memoria-cpu creado.
[INFO] 13:40:38:932 memoria/(18658:18754): Config enviado.
[WARNING] 13:40:38:932 memoria/(18658:18754): El cliente se desconecto de server memoria
[INFO] 13:41:58:179 memoria/(18928:18928): Memoria iniciada
[INFO] 13:41:58:179 memoria/(18928:18928): Escuchando en 127.0.0.1:8002 (memoria)

[INFO] 13:41:58:179 memoria/(18928:18928): Memoria lista para recibir al cliente
[INFO] 13:42:15:999 memoria/(18928:18928): Cliente conectado (a memoria)

[INFO] 13:42:16:007 memoria/(18928:19037): Socket cliente memoria-cpu creado.
[INFO] 13:42:47:433 memoria/(19117:19117): Memoria iniciada
[INFO] 13:42:47:433 memoria/(19117:19117): Escuchando en 127.0.0.1:8002 (memoria)

[INFO] 13:42:47:433 memoria/(19117:19117): Memoria lista para recibir al cliente
[INFO] 13:42:53:380 memoria/(19117:19117): Cliente conectado (a memoria)

[INFO] 13:42:53:387 memoria/(19117:19203): Socket cliente memoria-cpu creado.
[INFO] 13:43:33:761 memoria/(19294:19294): Memoria iniciada
[INFO] 13:43:33:762 memoria/(19294:19294): Escuchando en 127.0.0.1:8002 (memoria)

[INFO] 13:43:33:762 memoria/(19294:19294): Memoria lista para recibir al cliente
[INFO] 13:43:39:795 memoria/(19294:19294): Cliente conectado (a memoria)

[INFO] 13:43:39:796 memoria/(19294:19382): Socket cliente memoria-cpu creado.
[INFO] 13:43:39:796 memoria/(19294:19382): Config enviado.
[WARNING] 13:43:39:796 memoria/(19294:19382): El cliente se desconecto de server memoria
[INFO] 13:45:01:548 memoria/(19512:19512): Memoria iniciada
[INFO] 13:45:01:549 memoria/(19512:19512): Escuchando en 127.0.0.1:8002 (memoria)

[INFO] 13:45:01:549 memoria/(19512:19512): Memoria lista para recibir al cliente
[INFO] 13:45:06:202 memoria/(19512:19512): Cliente conectado (a memoria)

[INFO] 13:45:06:203 memoria/(19512:19530): Socket cliente memoria-cpu creado.
[INFO] 14:50:54:372 memoria/(21866:21866): Memoria iniciada
[INFO] 14:50:54:372 memoria/(21866:21866): Escuchando en 127.0.0.1:8002 (memoria)

[INFO] 14:50:54:372 memoria/(21866:21866): Memoria lista para recibir al cliente
[INFO] 14:50:59:205 memoria/(21866:21866): Cliente conectado (a memoria)

[INFO] 14:50:59:211 memoria/(21866:21883): Socket cliente memoria-cpu creado.
[INFO] 14:50:59:211 memoria/(21866:21883): Config enviado.
[WARNING] 14:50:59:212 memoria/(21866:21883): El cliente se desconecto de server memoria
[INFO] 23:46:22:149 memoria/(26971:26971): Memoria iniciada
[INFO] 23:46:22:149 memoria/(26971:26971): Escuchando en 127.0.0.1:8002 (memoria)

[INFO] 23:46:22:149 memoria/(26971:26971): Memoria lista para recibir al cliente
[INFO] 23:46:27:481 memoria/(26971:26971): Cliente conectado (a memoria)

[INFO] 23:46:27:481 memoria/(26971:26988): Socket cliente memoria-cpu creado.
[INFO] 23:46:27:482 memoria/(26971:26988): Config enviado.
[WARNING] 23:46:27:482 memoria/(26971:26988): El cliente se desconecto de server memoria
[INFO] 23:47:36:175 memoria/(26971:26971): Cliente conectado (a memoria)

[INFO] 23:47:36:178 memoria/(26971:27204): Socket cliente memoria-cpu creado.
[INFO] 23:47:48:253 memoria/(27234:27234): Memoria iniciada
[INFO] 23:47:48:253 memoria/(27234:27234): Escuchando en 127.0.0.1:8002 (memoria)

[INFO] 23:47:48:254 memoria/(27234:27234): Memoria lista para recibir al cliente
[INFO] 23:47:52:064 memoria/(27234:27234): Cliente conectado (a memoria)

[INFO] 23:47:52:066 memoria/(27234:27249): Socket cliente memoria-cpu creado.
[INFO] 23:48:34:455 memoria/(27360:27360): Memoria iniciada
[INFO] 23:48:34:515 memoria/(27360:27360): Escuchando en 127.0.0.1:8002 (memoria)

[INFO] 23:48:34:518 memoria/(27360:27360): Memoria lista para recibir al cliente
[INFO] 23:48:44:613 memoria/(27360:27360): Cliente conectado (a memoria)

[INFO] 23:48:44:632 memoria/(27360:27391): Socket cliente memoria-cpu creado.
[INFO] 23:52:07:787 memoria/(28024:28024): Memoria iniciada
[INFO] 23:52:07:788 memoria/(28024:28024): Escuchando en 127.0.0.1:8002 (memoria)

[INFO] 23:52:07:788 memoria/(28024:28024): Memoria lista para recibir al cliente
[INFO] 23:52:13:185 memoria/(28024:28024): Cliente conectado (a memoria)

[INFO] 23:52:13:187 memoria/(28024:28039): Socket cliente memoria-cpu creado.
[INFO] 23:55:11:349 memoria/(28554:28554): Memoria iniciada
[INFO] 23:55:11:349 memoria/(28554:28554): Escuchando en 127.0.0.1:8002 (memoria)

[INFO] 23:55:11:350 memoria/(28554:28554): Memoria lista para recibir al cliente
[INFO] 23:55:15:015 memoria/(28554:28554): Cliente conectado (a memoria)

[INFO] 23:55:15:016 memoria/(28554:28565): Socket cliente memoria-cpu creado.
[INFO] 23:55:15:016 memoria/(28554:28565): Config enviado.
[WARNING] 23:55:15:016 memoria/(28554:28565): El cliente se desconecto de server memoria
[INFO] 23:58:27:093 memoria/(28554:28554): Cliente conectado (a memoria)

[INFO] 23:58:27:094 memoria/(28554:29119): Socket cliente memoria-cpu creado.
[INFO] 23:58:38:939 memoria/(29154:29154): Memoria iniciada
[INFO] 23:58:38:940 memoria/(29154:29154): Escuchando en 127.0.0.1:8002 (memoria)

[INFO] 23:58:38:940 memoria/(29154:29154): Memoria lista para recibir al cliente
[INFO] 23:58:42:677 memoria/(29154:29154): Cliente conectado (a memoria)

[INFO] 23:58:42:679 memoria/(29154:29171): Socket cliente memoria-cpu creado.
[INFO] 23:58:57:769 memoria/(29227:29227): Memoria iniciada
[INFO] 23:58:57:770 memoria/(29227:29227): Escuchando en 127.0.0.1:8002 (memoria)

[INFO] 23:58:57:770 memoria/(29227:29227): Memoria lista para recibir al cliente
[INFO] 23:59:04:816 memoria/(29227:29227): Cliente conectado (a memoria)

[INFO] 23:59:04:818 memoria/(29227:29261): Socket cliente memoria-cpu creado.
[INFO] 00:00:17:677 memoria/(29480:29480): Memoria iniciada
[INFO] 00:00:17:677 memoria/(29480:29480): Escuchando en 127.0.0.1:8002 (memoria)

[INFO] 00:00:17:678 memoria/(29480:29480): Memoria lista para recibir al cliente
[INFO] 00:00:20:875 memoria/(29480:29480): Cliente conectado (a memoria)

[INFO] 00:00:20:876 memoria/(29480:29491): Socket cliente memoria-cpu creado.
[INFO] 00:00:20:876 memoria/(29480:29491): Config enviado.
[WARNING] 00:00:20:876 memoria/(29480:29491): El cliente se desconecto de server memoria
[INFO] 00:03:06:571 memoria/(29948:29948): Memoria iniciada
[INFO] 00:03:06:571 memoria/(29948:29948): Escuchando en 127.0.0.1:8002 (memoria)

[INFO] 00:03:06:572 memoria/(29948:29948): Memoria lista para recibir al cliente
[INFO] 00:03:09:852 memoria/(29948:29948): Cliente conectado (a memoria)

[INFO] 00:03:09:853 memoria/(29948:29964): Socket cliente memoria-cpu creado.
[INFO] 00:03:20:340 memoria/(29996:29996): Memoria iniciada
[INFO] 00:03:20:341 memoria/(29996:29996): Escuchando en 127.0.0.1:8002 (memoria)

[INFO] 00:03:20:341 memoria/(29996:29996): Memoria lista para recibir al cliente
[INFO] 00:03:43:413 memoria/(29996:29996): Cliente conectado (a memoria)

[INFO] 00:03:43:418 memoria/(29996:30057): Socket cliente memoria-cpu creado.
[INFO] 00:06:02:748 memoria/(30470:30470): Memoria iniciada
[INFO] 00:06:02:749 memoria/(30470:30470): Escuchando en 127.0.0.1:8002 (memoria)

[INFO] 00:06:02:749 memoria/(30470:30470): Memoria lista para recibir al cliente
[INFO] 00:06:06:311 memoria/(30470:30470): Cliente conectado (a memoria)

[INFO] 00:06:06:314 memoria/(30470:30485): Socket cliente memoria-cpu creado.
[INFO] 00:06:06:315 memoria/(30470:30485): Config enviado.
[WARNING] 00:06:06:315 memoria/(30470:30485): El cliente se desconecto de server memoria
[INFO] 01:12:09:390 memoria/(7168:7168): Memoria iniciada
[INFO] 01:12:09:393 memoria/(7168:7168): Escuchando en 127.0.0.1:8002 (memoria)

[INFO] 01:12:09:393 memoria/(7168:7168): Memoria lista para recibir al cliente
[INFO] 01:12:15:264 memoria/(7168:7168): Cliente conectado (a memoria)

[INFO] 01:14:17:794 memoria/(7168:7168): Cliente conectado (a memoria)

[ERROR] 01:15:58:126 memoria/(7168:7180): Algo anduvo mal en el server de memoria
[INFO] 01:15:58:127 memoria/(7168:7180): Cop: 183
[ERROR] 01:15:58:127 memoria/(7168:7602): Algo anduvo mal en el server de memoria
[INFO] 01:15:58:127 memoria/(7168:7602): Cop: 183
[INFO] 01:16:00:016 memoria/(7168:7168): Cliente conectado (a memoria)

[INFO] 01:16:21:711 memoria/(7824:7824): Memoria iniciada
[INFO] 01:16:21:711 memoria/(7824:7824): Memoria lista para recibir al cliente
[INFO] 01:16:21:712 memoria/(7824:7824): Cliente conectado (a memoria)

[INFO] 01:16:21:712 memoria/(7824:7824): Módulo Memoria finalizado.
[INFO] 01:16:41:957 memoria/(7851:7851): Memoria iniciada
[INFO] 01:16:41:958 memoria/(7851:7851): Memoria lista para recibir al cliente
[INFO] 01:16:41:958 memoria/(7851:7851): Cliente conectado (a memoria)

[INFO] 01:16:41:959 memoria/(7851:7851): Módulo Memoria finalizado.
[INFO] 01:17:24:669 memoria/(7918:7918): Memoria iniciada
[INFO] 01:17:24:669 memoria/(7918:7918): Escuchando en 127.0.0.1:8002 (memoria)

[INFO] 01:17:24:670 memoria/(7918:7918): Memoria lista para recibir al cliente
[INFO] 01:17:33:352 memoria/(7918:7918): Cliente conectado (a memoria)

[INFO] 01:17:38:093 memoria/(7918:7918): Cliente conectado (a memoria)

[INFO] 01:27:59:720 memoria/(9636:9636): Memoria iniciada
[INFO] 01:27:59:721 memoria/(9636:9636): Memoria lista para recibir al cliente
[INFO] 01:27:59:721 memoria/(9636:9636): Cliente conectado (a memoria)

[INFO] 01:27:59:721 memoria/(9636:9636): Módulo Memoria finalizado.
[INFO] 01:28:29:538 memoria/(9680:9680): Memoria iniciada
[INFO] 01:28:29:538 memoria/(9680:9680): Memoria lista para recibir al cliente
[INFO] 01:28:29:538 memoria/(9680:9680): Cliente conectado (a memoria)

[INFO] 01:28:29:539 memoria/(9680:9680): Módulo Memoria finalizado.
[INFO] 01:28:47:826 memoria/(9707:9707): Memoria iniciada
[INFO] 01:28:47:827 memoria/(9707:9707): Memoria lista para recibir al cliente
[INFO] 01:28:47:827 memoria/(9707:9707): Cliente conectado (a memoria)

[INFO] 01:28:47:827 memoria/(9707:9707): Módulo Memoria finalizado.
[INFO] 01:29:06:317 memoria/(9738:9738): Memoria iniciada
[INFO] 01:29:06:318 memoria/(9738:9738): Escuchando en 127.0.0.1:8002 (memoria)

[INFO] 01:29:06:318 memoria/(9738:9738): Memoria lista para recibir al cliente
[INFO] 01:29:12:151 memoria/(9738:9738): Cliente conectado (a memoria)

[INFO] 01:29:18:878 memoria/(9738:9738): Cliente conectado (a memoria)

[INFO] 01:33:37:089 memoria/(10251:10251): Memoria iniciada
[INFO] 01:33:37:106 memoria/(10251:10251): Memoria lista para recibir al cliente
[INFO] 01:33:37:106 memoria/(10251:10251): Cliente conectado (a memoria)

[INFO] 01:33:37:106 memoria/(10251:10251): Módulo Memoria finalizado.
[INFO] 01:33:52:334 memoria/(10276:10276): Memoria iniciada
[INFO] 01:33:52:334 memoria/(10276:10276): Memoria lista para recibir al cliente
[INFO] 01:33:52:334 memoria/(10276:10276): Cliente conectado (a memoria)

[INFO] 01:33:52:334 memoria/(10276:10276): Módulo Memoria finalizado.
[INFO] 01:34:41:670 memoria/(10360:10360): Memoria iniciada
[INFO] 01:34:41:671 memoria/(10360:10360): Escuchando en 127.0.0.1:8002 (memoria)

[INFO] 01:34:41:671 memoria/(10360:10360): Memoria lista para recibir al cliente
[INFO] 01:34:44:661 memoria/(10360:10360): Cliente conectado (a memoria)

[INFO] 01:34:44:665 memoria/(10360:10366): Socket cliente memoria-cpu creado.
[INFO] 01:34:44:666 memoria/(10360:10366): Config enviado.
[WARNING] 01:34:44:672 memoria/(10360:10366): El cliente se desconecto de server memoria
[INFO] 01:40:13:285 memoria/(10942:10942): Memoria iniciada
[INFO] 01:40:13:285 memoria/(10942:10942): Escuchando en 127.0.0.1:8002 (memoria)

[INFO] 01:40:13:285 memoria/(10942:10942): Memoria lista para recibir al cliente
[INFO] 01:40:16:464 memoria/(10942:10942): Cliente conectado (a memoria)

[INFO] 01:40:16:466 memoria/(10942:10953): Socket cliente memoria-cpu creado.
[INFO] 01:40:16:467 memoria/(10942:10953): Config enviado.
[WARNING] 01:40:16:467 memoria/(10942:10953): El cliente se desconecto de server memoria
[INFO] 01:40:23:576 memoria/(10942:10942): Cliente conectado (a memoria)

[INFO] 01:45:05:004 memoria/(11482:11482): Memoria iniciada
[INFO] 01:45:05:004 memoria/(11482:11482): Memoria lista para recibir al cliente
[INFO] 01:45:05:004 memoria/(11482:11482): Cliente conectado (a memoria)

[INFO] 01:45:05:004 memoria/(11482:11482): Módulo Memoria finalizado.
[INFO] 01:45:25:228 memoria/(11514:11514): Memoria iniciada
[INFO] 01:45:25:228 memoria/(11514:11514): Memoria lista para recibir al cliente
[INFO] 01:45:25:229 memoria/(11514:11514): Cliente conectado (a memoria)

[INFO] 01:45:25:229 memoria/(11514:11514): Módulo Memoria finalizado.
[INFO] 01:45:54:163 memoria/(11559:11559): Memoria iniciada
[INFO] 01:45:54:163 memoria/(11559:11559): Escuchando en 127.0.0.1:8002 (memoria)

[INFO] 01:45:54:163 memoria/(11559:11559): Memoria lista para recibir al cliente
[INFO] 01:45:57:567 memoria/(11559:11559): Cliente conectado (a memoria)

[INFO] 01:45:57:571 memoria/(11559:11569): Socket cliente memoria-cpu creado.
[INFO] 01:45:57:572 memoria/(11559:11569): Config enviado.
[WARNING] 01:45:57:573 memoria/(11559:11569): El cliente se desconecto de server memoria
[INFO] 01:46:05:354 memoria/(11559:11559): Cliente conectado (a memoria)

[INFO] 01:48:52:292 memoria/(11887:11887): Memoria iniciada
[INFO] 01:48:52:293 memoria/(11887:11887): Memoria lista para recibir al cliente
[INFO] 01:48:52:293 memoria/(11887:11887): Cliente conectado (a memoria)

[INFO] 01:48:52:294 memoria/(11887:11887): Módulo Memoria finalizado.
[INFO] 01:49:11:994 memoria/(11921:11921): Memoria iniciada
[INFO] 01:49:11:995 memoria/(11921:11921): Memoria lista para recibir al cliente
[INFO] 01:49:11:995 memoria/(11921:11921): Cliente conectado (a memoria)

[INFO] 01:49:11:995 memoria/(11921:11921): Módulo Memoria finalizado.
[INFO] 01:49:49:905 memoria/(11979:11979): Memoria iniciada
[INFO] 01:49:49:906 memoria/(11979:11979): Escuchando en 127.0.0.1:8002 (memoria)

[INFO] 01:49:49:909 memoria/(11979:11979): Memoria lista para recibir al cliente
[INFO] 01:49:53:984 memoria/(11979:11979): Cliente conectado (a memoria)

[INFO] 01:49:53:985 memoria/(11979:11989): Socket cliente memoria-cpu creado.
[INFO] 01:49:53:986 memoria/(11979:11989): Config enviado.
[WARNING] 01:49:53:987 memoria/(11979:11989): El cliente se desconecto de server memoria
[INFO] 01:49:58:936 memoria/(11979:11979): Cliente conectado (a memoria)

[INFO] 01:55:12:251 memoria/(12608:12608): Memoria iniciada
[INFO] 01:55:12:251 memoria/(12608:12608): Escuchando en 127.0.0.1:8002 (memoria)

[INFO] 01:55:12:251 memoria/(12608:12608): Memoria lista para recibir al cliente
[INFO] 01:55:16:658 memoria/(12608:12608): Cliente conectado (a memoria)

[INFO] 01:55:16:659 memoria/(12608:12619): Socket cliente memoria-cpu creado.
[INFO] 01:55:16:660 memoria/(12608:12619): Config enviado.
[WARNING] 01:55:16:660 memoria/(12608:12619): El cliente se desconecto de server memoria
[INFO] 01:55:23:929 memoria/(12608:12608): Cliente conectado (a memoria)

[ERROR] 01:55:23:930 memoria/(12608:12637): Algo anduvo mal en el server de memoria
[INFO] 01:55:23:930 memoria/(12608:12637): Cop: 183
[INFO] 01:58:04:749 memoria/(12909:12909): Memoria iniciada
[INFO] 01:58:04:750 memoria/(12909:12909): Escuchando en 127.0.0.1:8002 (memoria)

[INFO] 01:58:04:751 memoria/(12909:12909): Memoria lista para recibir al cliente
[INFO] 01:58:07:954 memoria/(12909:12909): Cliente conectado (a memoria)

[INFO] 01:58:07:957 memoria/(12909:12915): Socket cliente memoria-cpu creado.
[INFO] 01:58:07:958 memoria/(12909:12915): Config enviado.
[WARNING] 01:58:07:960 memoria/(12909:12915): El cliente se desconecto de server memoria
[INFO] 01:58:12:914 memoria/(12909:12909): Cliente conectado (a memoria)

[INFO] 02:01:35:921 memoria/(13338:13338): Memoria iniciada
[INFO] 02:01:35:922 memoria/(13338:13338): Escuchando en 127.0.0.1:8002 (memoria)

[INFO] 02:01:35:923 memoria/(13338:13338): Memoria lista para recibir al cliente
[INFO] 02:01:38:885 memoria/(13338:13338): Cliente conectado (a memoria)

[INFO] 02:01:38:889 memoria/(13338:13346): Socket cliente memoria-cpu creado.
[INFO] 02:01:38:889 memoria/(13338:13346): Config enviado.
[WARNING] 02:01:38:897 memoria/(13338:13346): El cliente se desconecto de server memoria
[INFO] 02:01:46:122 memoria/(13338:13338): Cliente conectado (a memoria)

[ERROR] 02:01:46:125 memoria/(13338:13363): Algo anduvo mal en el server de memoria
[INFO] 02:01:46:126 memoria/(13338:13363): Cop: 183
[INFO] 02:03:06:411 memoria/(13488:13488): Memoria iniciada
[INFO] 02:03:06:412 memoria/(13488:13488): Escuchando en 127.0.0.1:8002 (memoria)

[INFO] 02:03:06:413 memoria/(13488:13488): Memoria lista para recibir al cliente
[INFO] 02:03:10:940 memoria/(13488:13488): Cliente conectado (a memoria)

[INFO] 02:03:10:943 memoria/(13488:13497): Socket cliente memoria-cpu creado.
[INFO] 02:03:10:944 memoria/(13488:13497): Config enviado.
[WARNING] 02:03:10:944 memoria/(13488:13497): El cliente se desconecto de server memoria
[INFO] 02:03:15:354 memoria/(13488:13488): Cliente conectado (a memoria)

[ERROR] 02:04:18:607 memoria/(13488:13511): Algo anduvo mal en el server de memoria
[INFO] 02:04:18:607 memoria/(13488:13511): Cop: 183
[INFO] 02:05:07:101 memoria/(13745:13745): Memoria iniciada
[INFO] 02:05:07:101 memoria/(13745:13745): Escuchando en 127.0.0.1:8002 (memoria)

[INFO] 02:05:07:102 memoria/(13745:13745): Memoria lista para recibir al cliente
[INFO] 02:05:11:854 memoria/(13745:13745): Cliente conectado (a memoria)

[INFO] 02:05:11:858 memoria/(13745:13754): Socket cliente memoria-cpu creado.
[INFO] 02:05:11:859 memoria/(13745:13754): Config enviado.
[WARNING] 02:05:11:860 memoria/(13745:13754): El cliente se desconecto de server memoria
[INFO] 02:05:15:143 memoria/(13745:13745): Cliente conectado (a memoria)

[ERROR] 02:05:15:148 memoria/(13745:13765): Algo anduvo mal en el server de memoria
[INFO] 02:05:15:158 memoria/(13745:13765): Cop: 183
[INFO] 02:06:28:378 memoria/(13886:13886): Memoria iniciada
[INFO] 02:06:28:378 memoria/(13886:13886): Escuchando en 127.0.0.1:8002 (memoria)

[INFO] 02:06:28:379 memoria/(13886:13886): Memoria lista para recibir al cliente
[INFO] 02:06:32:606 memoria/(13886:13886): Cliente conectado (a memoria)

[INFO] 02:06:32:610 memoria/(13886:13895): Socket cliente memoria-cpu creado.
[INFO] 02:06:32:611 memoria/(13886:13895): Config enviado.
[WARNING] 02:06:32:612 memoria/(13886:13895): El cliente se desconecto de server memoria
[INFO] 02:06:36:183 memoria/(13886:13886): Cliente conectado (a memoria)

[ERROR] 02:07:07:977 memoria/(13886:13908): Algo anduvo mal en el server de memoria
[INFO] 02:07:07:977 memoria/(13886:13908): Cop: 183
[INFO] 02:08:21:957 memoria/(14111:14111): Memoria iniciada
[INFO] 02:08:21:957 memoria/(14111:14111): Escuchando en 127.0.0.1:8002 (memoria)

[INFO] 02:08:21:957 memoria/(14111:14111): Memoria lista para recibir al cliente
[INFO] 02:08:27:104 memoria/(14111:14111): Cliente conectado (a memoria)

[INFO] 02:08:27:110 memoria/(14111:14120): Socket cliente memoria-cpu creado.
[INFO] 02:08:40:912 memoria/(14143:14143): Memoria iniciada
[INFO] 02:08:40:913 memoria/(14143:14143): Escuchando en 127.0.0.1:8002 (memoria)

[INFO] 02:08:40:913 memoria/(14143:14143): Memoria lista para recibir al cliente
[INFO] 02:08:43:668 memoria/(14143:14143): Cliente conectado (a memoria)

[INFO] 02:08:43:669 memoria/(14143:14149): Socket cliente memoria-cpu creado.
[INFO] 02:08:43:669 memoria/(14143:14149): Config enviado.
[WARNING] 02:08:43:669 memoria/(14143:14149): El cliente se desconecto de server memoria
[INFO] 02:08:47:423 memoria/(14143:14143): Cliente conectado (a memoria)

[INFO] 19:35:42:637 memoria/(19694:19694): Memoria iniciada
[INFO] 19:35:42:640 memoria/(19694:19694): Escuchando en 127.0.0.1:8002 (memoria)

[INFO] 19:35:42:640 memoria/(19694:19694): Memoria lista para recibir al cliente
[INFO] 19:35:46:256 memoria/(19694:19694): Cliente conectado (a memoria)

[INFO] 19:35:46:273 memoria/(19694:19701): Socket cliente memoria-cpu creado.
[INFO] 19:35:46:274 memoria/(19694:19701): Config enviado.
[WARNING] 19:35:46:292 memoria/(19694:19701): El cliente se desconecto de server memoria
[INFO] 19:36:30:277 memoria/(19694:19694): Cliente conectado (a memoria)

[INFO] 19:36:43:763 memoria/(19694:19694): Cliente conectado (a memoria)

[INFO] 19:36:43:765 memoria/(19694:19858): Socket cliente memoria-cpu creado.
[INFO] 19:36:43:765 memoria/(19694:19858): Config enviado.
[WARNING] 19:36:43:765 memoria/(19694:19858): El cliente se desconecto de server memoria
[ERROR] 19:41:34:482 memoria/(19694:19829): Algo anduvo mal en el server de memoria
[INFO] 19:41:34:482 memoria/(19694:19829): Cop: 183
[INFO] 19:46:08:527 memoria/(20928:20928): Memoria iniciada
[INFO] 19:46:08:528 memoria/(20928:20928): Escuchando en 127.0.0.1:8002 (memoria)

[INFO] 19:46:08:528 memoria/(20928:20928): Memoria lista para recibir al cliente
[INFO] 19:46:18:154 memoria/(20928:20928): Cliente conectado (a memoria)

[INFO] 19:46:18:155 memoria/(20928:20949): Socket cliente memoria-cpu creado.
[INFO] 19:54:04:624 memoria/(21837:21837): Memoria iniciada
[INFO] 19:54:04:624 memoria/(21837:21837): Escuchando en 127.0.0.1:8002 (memoria)

[INFO] 19:54:04:624 memoria/(21837:21837): Memoria lista para recibir al cliente
[INFO] 19:54:10:600 memoria/(21837:21837): Cliente conectado (a memoria)

[INFO] 19:54:10:602 memoria/(21837:21850): Socket cliente memoria-cpu creado.
[INFO] 19:54:10:602 memoria/(21837:21850): Config enviado.
[WARNING] 19:54:10:602 memoria/(21837:21850): El cliente se desconecto de server memoria
[INFO] 20:20:17:108 memoria/(25169:25169): Memoria iniciada
[INFO] 20:20:17:113 memoria/(25169:25169): Escuchando en 127.0.0.1:8002 (memoria)

[INFO] 20:20:17:113 memoria/(25169:25169): Memoria lista para recibir al cliente
[INFO] 20:20:21:151 memoria/(25169:25169): Cliente conectado (a memoria)

[INFO] 20:20:21:154 memoria/(25169:25180): Socket cliente memoria-cpu creado.
[INFO] 20:20:21:154 memoria/(25169:25180): Config enviado.
[WARNING] 20:20:21:155 memoria/(25169:25180): El cliente se desconecto de server memoria
[INFO] 20:22:58:365 memoria/(25574:25574): Memoria iniciada
[INFO] 20:22:58:366 memoria/(25574:25574): Escuchando en 127.0.0.1:8002 (memoria)

[INFO] 20:22:58:367 memoria/(25574:25574): Memoria lista para recibir al cliente
[INFO] 20:23:01:496 memoria/(25574:25574): Cliente conectado (a memoria)

[INFO] 20:23:01:498 memoria/(25574:25581): Socket cliente memoria-cpu creado.
[INFO] 20:23:01:499 memoria/(25574:25581): Config enviado.
[WARNING] 20:23:01:499 memoria/(25574:25581): El cliente se desconecto de server memoria
[INFO] 20:25:40:144 memoria/(25934:25934): Memoria iniciada
[INFO] 20:25:40:145 memoria/(25934:25934): Escuchando en 127.0.0.1:8002 (memoria)

[INFO] 20:25:40:145 memoria/(25934:25934): Memoria lista para recibir al cliente
[INFO] 20:25:45:371 memoria/(25934:25934): Cliente conectado (a memoria)

[ERROR] 20:25:45:372 memoria/(25934:25945): Algo anduvo mal en el server de memoria
[INFO] 20:25:45:372 memoria/(25934:25945): Cop: 183
[INFO] 20:26:24:867 memoria/(26060:26060): Memoria iniciada
[INFO] 20:26:24:868 memoria/(26060:26060): Escuchando en 127.0.0.1:8002 (memoria)

[INFO] 20:26:24:868 memoria/(26060:26060): Memoria lista para recibir al cliente
[INFO] 20:26:29:305 memoria/(26060:26060): Cliente conectado (a memoria)

[INFO] 20:26:29:307 memoria/(26060:26071): Socket cliente memoria-cpu creado.
[INFO] 20:26:29:308 memoria/(26060:26071): Config enviado.
[WARNING] 20:26:29:308 memoria/(26060:26071): El cliente se desconecto de server memoria
[INFO] 15:20:26:822 memoria/(23496:23496): Memoria iniciada
[INFO] 15:20:26:826 memoria/(23496:23496): Escuchando en 127.0.0.1:8002 (memoria)

[INFO] 15:20:26:827 memoria/(23496:23496): Memoria lista para recibir al cliente
[INFO] 11:24:57:643 memoria/(2929:2929): Memoria iniciada
[INFO] 11:24:57:646 memoria/(2929:2929): Escuchando en 127.0.0.1:8002 (memoria)

[INFO] 11:24:57:647 memoria/(2929:2929): Memoria lista para recibir al cliente
[INFO] 11:29:07:469 memoria/(2929:2929): Cliente conectado (a memoria)

[INFO] 11:29:07:472 memoria/(2929:3805): Socket cliente memoria-cpu creado.
[INFO] 11:29:07:472 memoria/(2929:3805): Config enviado.
[WARNING] 11:29:07:473 memoria/(2929:3805): El cliente se desconecto de server memoria
[INFO] 13:59:30:246 memoria/(13035:13035): Memoria iniciada
[INFO] 13:59:30:247 memoria/(13035:13035): Escuchando en 127.0.0.1:8002 (memoria)

[INFO] 13:59:30:247 memoria/(13035:13035): Memoria lista para recibir al cliente
[INFO] 13:59:36:818 memoria/(13035:13035): Cliente conectado (a memoria)

[INFO] 13:59:36:832 memoria/(13035:13058): Socket cliente memoria-cpu creado.
[INFO] 13:59:36:833 memoria/(13035:13058): Config enviado.
[WARNING] 13:59:36:834 memoria/(13035:13058): El cliente se desconecto de server memoria
[INFO] 14:18:45:808 memoria/(15859:15859): Memoria iniciada
[INFO] 14:18:45:809 memoria/(15859:15859): Escuchando en 127.0.0.1:8002 (memoria)

[INFO] 14:18:45:810 memoria/(15859:15859): Memoria lista para recibir al cliente
[INFO] 14:19:01:530 memoria/(15859:15859): Cliente conectado (a memoria)

[INFO] 14:19:01:533 memoria/(15859:15896): Socket cliente memoria-cpu creado.
[INFO] 14:19:01:551 memoria/(15859:15896): Config enviado.
[WARNING] 14:19:01:552 memoria/(15859:15896): El cliente se desconecto de server memoria
[INFO] 14:20:41:312 memoria/(15859:15859): Cliente conectado (a memoria)

[INFO] 14:20:41:314 memoria/(15859:16105): Socket cliente memoria-cpu creado.
[INFO] 14:20:41:326 memoria/(15859:16105): Config enviado.
[WARNING] 14:20:41:327 memoria/(15859:16105): El cliente se desconecto de server memoria
[INFO] 14:25:51:294 memoria/(16810:16810): Memoria iniciada
[INFO] 14:25:51:295 memoria/(16810:16810): Escuchando en 127.0.0.1:8002 (memoria)

[INFO] 14:25:51:295 memoria/(16810:16810): Memoria lista para recibir al cliente
[INFO] 14:25:54:960 memoria/(16810:16810): Cliente conectado (a memoria)

[INFO] 14:25:54:961 memoria/(16810:16816): Socket cliente memoria-cpu creado.
[INFO] 14:25:54:961 memoria/(16810:16816): Config enviado.
[WARNING] 14:25:54:961 memoria/(16810:16816): El cliente se desconecto de server memoria
[INFO] 15:16:53:468 memoria/(16810:16810): Cliente conectado (a memoria)

[INFO] 15:16:53:469 memoria/(16810:19626): Socket cliente memoria-cpu creado.
[INFO] 15:16:53:469 memoria/(16810:19626): Config enviado.
[WARNING] 15:16:53:469 memoria/(16810:19626): El cliente se desconecto de server memoria
[INFO] 15:17:42:895 memoria/(16810:16810): Cliente conectado (a memoria)

[INFO] 15:17:42:896 memoria/(16810:19723): Socket cliente memoria-cpu creado.
[INFO] 15:17:47:437 memoria/(19738:19738): Memoria iniciada
[INFO] 15:17:47:437 memoria/(19738:19738): Escuchando en 127.0.0.1:8002 (memoria)

[INFO] 15:17:47:438 memoria/(19738:19738): Memoria lista para recibir al cliente
[INFO] 15:17:50:417 memoria/(19738:19738): Cliente conectado (a memoria)

[INFO] 15:17:50:418 memoria/(19738:19744): Socket cliente memoria-cpu creado.
[INFO] 15:18:35:027 memoria/(19815:19815): Memoria iniciada
[INFO] 15:18:35:028 memoria/(19815:19815): Escuchando en 127.0.0.1:8002 (memoria)

[INFO] 15:18:35:028 memoria/(19815:19815): Memoria lista para recibir al cliente
[INFO] 15:18:40:646 memoria/(19815:19815): Cliente conectado (a memoria)

[INFO] 15:18:40:647 memoria/(19815:19824): Socket cliente memoria-cpu creado.
[INFO] 15:20:11:945 memoria/(19969:19969): Memoria iniciada
[INFO] 15:20:11:946 memoria/(19969:19969): Escuchando en 127.0.0.1:8002 (memoria)

[INFO] 15:20:11:946 memoria/(19969:19969): Memoria lista para recibir al cliente
[INFO] 15:20:16:833 memoria/(19969:19969): Cliente conectado (a memoria)

[INFO] 15:20:16:833 memoria/(19969:19985): Socket cliente memoria-cpu creado.
[INFO] 15:20:16:834 memoria/(19969:19985): Config enviado.
[WARNING] 15:20:16:834 memoria/(19969:19985): El cliente se desconecto de server memoria
[INFO] 15:21:03:306 memoria/(20087:20087): Memoria iniciada
[INFO] 15:21:03:307 memoria/(20087:20087): Escuchando en 127.0.0.1:8002 (memoria)

[INFO] 15:21:03:307 memoria/(20087:20087): Memoria lista para recibir al cliente
[INFO] 15:21:07:657 memoria/(20087:20087): Cliente conectado (a memoria)

[INFO] 15:21:07:658 memoria/(20087:20093): Socket cliente memoria-cpu creado.
[INFO] 15:22:22:176 memoria/(20219:20219): Memoria iniciada
[INFO] 15:22:22:177 memoria/(20219:20219): Escuchando en 127.0.0.1:8002 (memoria)

[INFO] 15:22:22:177 memoria/(20219:20219): Memoria lista para recibir al cliente
[INFO] 15:22:27:447 memoria/(20219:20219): Cliente conectado (a memoria)

[INFO] 15:22:27:448 memoria/(20219:20228): Socket cliente memoria-cpu creado.
[INFO] 15:22:27:448 memoria/(20219:20228): Config enviado.
[WARNING] 15:22:27:448 memoria/(20219:20228): El cliente se desconecto de server memoria
[INFO] 15:24:09:122 memoria/(20400:20400): Memoria iniciada
[INFO] 15:24:09:123 memoria/(20400:20400): Escuchando en 127.0.0.1:8002 (memoria)

[INFO] 15:24:09:123 memoria/(20400:20400): Memoria lista para recibir al cliente
[INFO] 15:24:13:861 memoria/(20400:20400): Cliente conectado (a memoria)

[INFO] 15:24:13:862 memoria/(20400:20409): Socket cliente memoria-cpu creado.
[INFO] 15:24:13:862 memoria/(20400:20409): Config enviado.
[WARNING] 15:24:13:862 memoria/(20400:20409): El cliente se desconecto de server memoria
[INFO] 15:26:49:394 memoria/(20690:20690): Memoria iniciada
[INFO] 15:26:49:395 memoria/(20690:20690): Escuchando en 127.0.0.1:8002 (memoria)

[INFO] 15:26:49:396 memoria/(20690:20690): Memoria lista para recibir al cliente
[INFO] 15:26:52:867 memoria/(20690:20690): Cliente conectado (a memoria)

[INFO] 15:26:52:869 memoria/(20690:20698): Socket cliente memoria-cpu creado.
[INFO] 15:26:52:870 memoria/(20690:20698): Config enviado.
[WARNING] 15:26:52:870 memoria/(20690:20698): El cliente se desconecto de server memoria
[INFO] 15:32:55:498 memoria/(21351:21351): Memoria iniciada
[INFO] 15:32:55:499 memoria/(21351:21351): Escuchando en 127.0.0.1:8002 (memoria)

[INFO] 15:32:55:500 memoria/(21351:21351): Memoria lista para recibir al cliente
[INFO] 15:33:03:302 memoria/(21351:21351): Cliente conectado (a memoria)

[INFO] 15:33:03:303 memoria/(21351:21363): Socket cliente memoria-cpu creado.
[INFO] 15:33:03:303 memoria/(21351:21363): Config enviado.
[WARNING] 15:33:03:303 memoria/(21351:21363): El cliente se desconecto de server memoria
[INFO] 15:38:25:937 memoria/(21856:21856): Memoria iniciada
[INFO] 15:38:25:937 memoria/(21856:21856): Escuchando en 127.0.0.1:8002 (memoria)

[INFO] 15:38:25:938 memoria/(21856:21856): Memoria lista para recibir al cliente
[INFO] 15:38:29:786 memoria/(21856:21856): Cliente conectado (a memoria)

[INFO] 15:38:29:787 memoria/(21856:21865): Socket cliente memoria-cpu creado.
[INFO] 15:38:29:787 memoria/(21856:21865): Config enviado.
[WARNING] 15:38:29:787 memoria/(21856:21865): El cliente se desconecto de server memoria
[INFO] 15:39:53:875 memoria/(22020:22020): Memoria iniciada
[INFO] 15:39:53:875 memoria/(22020:22020): Escuchando en 127.0.0.1:8002 (memoria)

[INFO] 15:39:53:875 memoria/(22020:22020): Memoria lista para recibir al cliente
[INFO] 15:39:57:785 memoria/(22020:22020): Cliente conectado (a memoria)

[INFO] 15:39:57:786 memoria/(22020:22026): Socket cliente memoria-cpu creado.
[INFO] 15:42:07:031 memoria/(22203:22203): Memoria iniciada
[INFO] 15:42:07:032 memoria/(22203:22203): Escuchando en 127.0.0.1:8002 (memoria)

[INFO] 15:42:07:032 memoria/(22203:22203): Memoria lista para recibir al cliente
[INFO] 15:42:10:559 memoria/(22203:22203): Cliente conectado (a memoria)

[INFO] 15:42:10:561 memoria/(22203:22212): Socket cliente memoria-cpu creado.
[INFO] 15:42:10:562 memoria/(22203:22212): Config enviado.
[WARNING] 15:42:10:562 memoria/(22203:22212): El cliente se desconecto de server memoria
[INFO] 15:43:30:039 memoria/(22367:22367): Memoria iniciada
[INFO] 15:43:30:039 memoria/(22367:22367): Escuchando en 127.0.0.1:8002 (memoria)

[INFO] 15:43:30:039 memoria/(22367:22367): Memoria lista para recibir al cliente
[INFO] 15:43:33:186 memoria/(22367:22367): Cliente conectado (a memoria)

[INFO] 15:43:33:188 memoria/(22367:22376): Socket cliente memoria-cpu creado.
[INFO] 15:43:33:189 memoria/(22367:22376): Config enviado.
[WARNING] 15:43:33:189 memoria/(22367:22376): El cliente se desconecto de server memoria
[INFO] 15:46:38:906 memoria/(22660:22660): Memoria iniciada
[INFO] 15:46:38:906 memoria/(22660:22660): Escuchando en 127.0.0.1:8002 (memoria)

[INFO] 15:46:38:906 memoria/(22660:22660): Memoria lista para recibir al cliente
[INFO] 15:46:42:162 memoria/(22660:22660): Cliente conectado (a memoria)

[INFO] 15:46:42:163 memoria/(22660:22666): Socket cliente memoria-cpu creado.
[INFO] 15:46:42:164 memoria/(22660:22666): Config enviado.
[WARNING] 15:46:42:164 memoria/(22660:22666): El cliente se desconecto de server memoria
[INFO] 15:49:37:691 memoria/(22956:22956): Memoria iniciada
[INFO] 15:49:37:692 memoria/(22956:22956): Escuchando en 127.0.0.1:8002 (memoria)

[INFO] 15:49:37:692 memoria/(22956:22956): Memoria lista para recibir al cliente
[INFO] 15:49:40:918 memoria/(22956:22956): Cliente conectado (a memoria)

[INFO] 15:49:40:919 memoria/(22956:22965): Socket cliente memoria-cpu creado.
[INFO] 15:49:40:919 memoria/(22956:22965): Config enviado.
[WARNING] 15:49:40:919 memoria/(22956:22965): El cliente se desconecto de server memoria
[INFO] 15:51:16:840 memoria/(23134:23134): Memoria iniciada
[INFO] 15:51:16:841 memoria/(23134:23134): Escuchando en 127.0.0.1:8002 (memoria)

[INFO] 15:51:16:841 memoria/(23134:23134): Memoria lista para recibir al cliente
[INFO] 15:51:22:212 memoria/(23134:23134): Cliente conectado (a memoria)

[INFO] 15:51:22:215 memoria/(23134:23143): Socket cliente memoria-cpu creado.
[INFO] 15:52:12:051 memoria/(23220:23220): Memoria iniciada
[INFO] 15:52:12:052 memoria/(23220:23220): Escuchando en 127.0.0.1:8002 (memoria)

[INFO] 15:52:12:052 memoria/(23220:23220): Memoria lista para recibir al cliente
[INFO] 15:52:15:215 memoria/(23220:23220): Cliente conectado (a memoria)

[INFO] 15:52:15:217 memoria/(23220:23229): Socket cliente memoria-cpu creado.
[INFO] 15:52:15:218 memoria/(23220:23229): Config enviado.
[WARNING] 15:52:15:218 memoria/(23220:23229): El cliente se desconecto de server memoria
[INFO] 15:55:04:487 memoria/(23498:23498): Memoria iniciada
[INFO] 15:55:04:488 memoria/(23498:23498): Escuchando en 127.0.0.1:8002 (memoria)

[INFO] 15:55:04:488 memoria/(23498:23498): Memoria lista para recibir al cliente
[INFO] 15:55:08:595 memoria/(23498:23498): Cliente conectado (a memoria)

[INFO] 15:55:08:597 memoria/(23498:23504): Socket cliente memoria-cpu creado.
[INFO] 15:55:08:597 memoria/(23498:23504): Config enviado.
[WARNING] 15:55:08:598 memoria/(23498:23504): El cliente se desconecto de server memoria
[INFO] 15:56:14:111 memoria/(23637:23637): Memoria iniciada
[INFO] 15:56:14:111 memoria/(23637:23637): Escuchando en 127.0.0.1:8002 (memoria)

[INFO] 15:56:14:111 memoria/(23637:23637): Memoria lista para recibir al cliente
[INFO] 15:56:18:451 memoria/(23637:23637): Cliente conectado (a memoria)

[INFO] 15:56:18:453 memoria/(23637:23643): Socket cliente memoria-cpu creado.
[INFO] 15:56:31:778 memoria/(23667:23667): Memoria iniciada
[INFO] 15:56:31:779 memoria/(23667:23667): Escuchando en 127.0.0.1:8002 (memoria)

[INFO] 15:56:31:779 memoria/(23667:23667): Memoria lista para recibir al cliente
[INFO] 15:56:34:356 memoria/(23667:23667): Cliente conectado (a memoria)

[INFO] 15:56:34:359 memoria/(23667:23673): Socket cliente memoria-cpu creado.
[INFO] 15:59:37:246 memoria/(23920:23920): Memoria iniciada
[INFO] 15:59:37:246 memoria/(23920:23920): Escuchando en 127.0.0.1:8002 (memoria)

[INFO] 15:59:37:247 memoria/(23920:23920): Memoria lista para recibir al cliente
[INFO] 15:59:41:817 memoria/(23920:23920): Cliente conectado (a memoria)

[INFO] 15:59:41:817 memoria/(23920:23929): Socket cliente memoria-cpu creado.
[INFO] 15:59:41:818 memoria/(23920:23929): Config enviado.
[WARNING] 15:59:41:818 memoria/(23920:23929): El cliente se desconecto de server memoria
[INFO] 19:03:53:716 memoria/(3844:3844): Memoria iniciada
[INFO] 19:03:53:718 memoria/(3844:3844): Escuchando en 127.0.0.1:8002 (memoria)

[INFO] 19:03:53:719 memoria/(3844:3844): Memoria lista para recibir al cliente
[INFO] 19:03:57:378 memoria/(3844:3844): Cliente conectado (a memoria)

[INFO] 19:03:57:379 memoria/(3844:3849): Socket cliente memoria-cpu creado.
[INFO] 19:03:57:379 memoria/(3844:3849): Config enviado.
[WARNING] 19:03:57:380 memoria/(3844:3849): El cliente se desconecto de server memoria
[INFO] 19:16:16:585 memoria/(5748:5748): Memoria iniciada
[INFO] 19:16:16:586 memoria/(5748:5748): Escuchando en 127.0.0.1:8002 (memoria)

[INFO] 19:16:16:587 memoria/(5748:5748): Memoria lista para recibir al cliente
[INFO] 19:16:25:951 memoria/(5748:5748): Cliente conectado (a memoria)

[INFO] 19:16:25:953 memoria/(5748:5777): Socket cliente memoria-cpu creado.
[INFO] 19:16:25:954 memoria/(5748:5777): Config enviado.
[WARNING] 19:16:25:956 memoria/(5748:5777): El cliente se desconecto de server memoria
[INFO] 19:19:13:983 memoria/(6260:6260): Memoria iniciada
[INFO] 19:19:13:984 memoria/(6260:6260): Escuchando en 127.0.0.1:8002 (memoria)

[INFO] 19:19:13:984 memoria/(6260:6260): Memoria lista para recibir al cliente
[INFO] 19:19:17:166 memoria/(6260:6260): Cliente conectado (a memoria)

[INFO] 19:19:17:169 memoria/(6260:6266): Socket cliente memoria-cpu creado.
[INFO] 19:19:17:170 memoria/(6260:6266): Config enviado.
[WARNING] 19:19:17:170 memoria/(6260:6266): El cliente se desconecto de server memoria
[INFO] 19:41:26:981 memoria/(8749:8749): Memoria iniciada
[INFO] 19:41:26:982 memoria/(8749:8749): Escuchando en 127.0.0.1:8002 (memoria)

[INFO] 19:41:26:983 memoria/(8749:8749): Memoria lista para recibir al cliente
[INFO] 19:41:30:138 memoria/(8749:8749): Cliente conectado (a memoria)

[INFO] 19:41:30:141 memoria/(8749:8757): Socket cliente memoria-cpu creado.
[INFO] 19:41:30:142 memoria/(8749:8757): Config enviado.
[WARNING] 19:41:30:142 memoria/(8749:8757): El cliente se desconecto de server memoria
[INFO] 19:44:09:850 memoria/(9107:9107): Memoria iniciada
[INFO] 19:44:09:878 memoria/(9107:9107): Escuchando en 127.0.0.1:8002 (memoria)

[INFO] 19:44:09:878 memoria/(9107:9107): Memoria lista para recibir al cliente
[INFO] 19:44:13:044 memoria/(9107:9107): Cliente conectado (a memoria)

[INFO] 19:44:13:047 memoria/(9107:9118): Socket cliente memoria-cpu creado.
[INFO] 19:44:13:048 memoria/(9107:9118): Config enviado.
[WARNING] 19:44:13:048 memoria/(9107:9118): El cliente se desconecto de server memoria
[INFO] 19:46:28:305 memoria/(9471:9471): Memoria iniciada
[INFO] 19:46:28:306 memoria/(9471:9471): Escuchando en 127.0.0.1:8002 (memoria)

[INFO] 19:46:28:306 memoria/(9471:9471): Memoria lista para recibir al cliente
[INFO] 19:46:32:018 memoria/(9471:9471): Cliente conectado (a memoria)

[INFO] 19:46:32:022 memoria/(9471:9480): Socket cliente memoria-cpu creado.
[INFO] 19:46:32:022 memoria/(9471:9480): Config enviado.
[WARNING] 19:46:32:023 memoria/(9471:9480): El cliente se desconecto de server memoria
[INFO] 19:50:13:090 memoria/(10043:10043): Memoria iniciada
[INFO] 19:50:13:090 memoria/(10043:10043): Escuchando en 127.0.0.1:8002 (memoria)

[INFO] 19:50:13:090 memoria/(10043:10043): Memoria lista para recibir al cliente
[INFO] 19:50:16:379 memoria/(10043:10043): Cliente conectado (a memoria)

[INFO] 19:50:16:382 memoria/(10043:10050): Socket cliente memoria-cpu creado.
[INFO] 19:50:16:382 memoria/(10043:10050): Config enviado.
[WARNING] 19:50:16:383 memoria/(10043:10050): El cliente se desconecto de server memoria
[INFO] 19:54:11:057 memoria/(10564:10564): Memoria iniciada
[INFO] 19:54:11:058 memoria/(10564:10564): Escuchando en 127.0.0.1:8002 (memoria)

[INFO] 19:54:11:059 memoria/(10564:10564): Memoria lista para recibir al cliente
[INFO] 19:54:13:820 memoria/(10564:10564): Cliente conectado (a memoria)

[INFO] 19:54:13:822 memoria/(10564:10571): Socket cliente memoria-cpu creado.
[INFO] 19:54:33:363 memoria/(10608:10608): Memoria iniciada
[INFO] 19:54:33:363 memoria/(10608:10608): Escuchando en 127.0.0.1:8002 (memoria)

[INFO] 19:54:33:364 memoria/(10608:10608): Memoria lista para recibir al cliente
[INFO] 19:54:35:816 memoria/(10608:10608): Cliente conectado (a memoria)

[INFO] 19:54:35:818 memoria/(10608:10619): Socket cliente memoria-cpu creado.
[INFO] 19:57:20:625 memoria/(10921:10921): Memoria iniciada
[INFO] 19:57:20:626 memoria/(10921:10921): Escuchando en 127.0.0.1:8002 (memoria)

[INFO] 19:57:20:626 memoria/(10921:10921): Memoria lista para recibir al cliente
[INFO] 19:57:23:605 memoria/(10921:10921): Cliente conectado (a memoria)

[INFO] 19:57:23:607 memoria/(10921:10928): Socket cliente memoria-cpu creado.
[INFO] 19:57:23:612 memoria/(10921:10928): Config enviado.
[WARNING] 19:57:23:619 memoria/(10921:10928): El cliente se desconecto de server memoria
[INFO] 19:59:09:363 memoria/(11157:11157): Memoria iniciada
[INFO] 19:59:09:363 memoria/(11157:11157): Escuchando en 127.0.0.1:8002 (memoria)

[INFO] 19:59:09:364 memoria/(11157:11157): Memoria lista para recibir al cliente
[INFO] 19:59:13:708 memoria/(11157:11157): Cliente conectado (a memoria)

[INFO] 19:59:13:709 memoria/(11157:11168): Socket cliente memoria-cpu creado.
[INFO] 20:01:50:373 memoria/(11444:11444): Memoria iniciada
[INFO] 20:01:50:373 memoria/(11444:11444): Escuchando en 127.0.0.1:8002 (memoria)

[INFO] 20:01:50:374 memoria/(11444:11444): Memoria lista para recibir al cliente
[INFO] 20:01:53:289 memoria/(11444:11444): Cliente conectado (a memoria)

[INFO] 20:01:53:292 memoria/(11444:11455): Socket cliente memoria-cpu creado.
[INFO] 20:01:53:293 memoria/(11444:11455): Config enviado.
[WARNING] 20:01:53:293 memoria/(11444:11455): El cliente se desconecto de server memoria
[INFO] 20:04:44:514 memoria/(11819:11819): Memoria iniciada
[INFO] 20:04:44:514 memoria/(11819:11819): Escuchando en 127.0.0.1:8002 (memoria)

[INFO] 20:04:44:515 memoria/(11819:11819): Memoria lista para recibir al cliente
[INFO] 20:04:47:984 memoria/(11819:11819): Cliente conectado (a memoria)

[INFO] 20:04:47:987 memoria/(11819:11832): Socket cliente memoria-cpu creado.
[INFO] 20:04:47:988 memoria/(11819:11832): Config enviado.
[WARNING] 20:04:47:989 memoria/(11819:11832): El cliente se desconecto de server memoria
[INFO] 20:10:51:274 memoria/(12519:12519): Memoria iniciada
[INFO] 20:10:51:275 memoria/(12519:12519): Escuchando en 127.0.0.1:8002 (memoria)

[INFO] 20:10:51:275 memoria/(12519:12519): Memoria lista para recibir al cliente
[INFO] 20:10:53:769 memoria/(12519:12519): Cliente conectado (a memoria)

[INFO] 20:10:53:772 memoria/(12519:12526): Socket cliente memoria-cpu creado.
[INFO] 20:10:53:773 memoria/(12519:12526): Config enviado.
[WARNING] 20:10:53:773 memoria/(12519:12526): El cliente se desconecto de server memoria
[INFO] 20:14:56:546 memoria/(13008:13008): Memoria iniciada
[INFO] 20:14:56:547 memoria/(13008:13008): Escuchando en 127.0.0.1:8002 (memoria)

[INFO] 20:14:56:548 memoria/(13008:13008): Memoria lista para recibir al cliente
[INFO] 20:14:59:362 memoria/(13008:13008): Cliente conectado (a memoria)

[INFO] 20:14:59:364 memoria/(13008:13011): Socket cliente memoria-cpu creado.
[INFO] 20:15:36:066 memoria/(13088:13088): Memoria iniciada
[INFO] 20:15:36:067 memoria/(13088:13088): Escuchando en 127.0.0.1:8002 (memoria)

[INFO] 20:15:36:068 memoria/(13088:13088): Memoria lista para recibir al cliente
[INFO] 20:15:38:317 memoria/(13088:13088): Cliente conectado (a memoria)

[INFO] 20:15:38:320 memoria/(13088:13095): Socket cliente memoria-cpu creado.
[INFO] 20:15:38:321 memoria/(13088:13095): Config enviado.
[WARNING] 20:15:38:321 memoria/(13088:13095): El cliente se desconecto de server memoria
[INFO] 20:24:25:940 memoria/(14173:14173): Memoria iniciada
[INFO] 20:24:25:941 memoria/(14173:14173): Escuchando en 127.0.0.1:8002 (memoria)

[INFO] 20:24:25:942 memoria/(14173:14173): Memoria lista para recibir al cliente
[INFO] 20:24:28:354 memoria/(14173:14173): Cliente conectado (a memoria)

[INFO] 20:24:28:356 memoria/(14173:14184): Socket cliente memoria-cpu creado.
[INFO] 20:24:28:356 memoria/(14173:14184): Config enviado.
[WARNING] 20:24:28:356 memoria/(14173:14184): El cliente se desconecto de server memoria
[INFO] 20:26:12:309 memoria/(14429:14429): Memoria iniciada
[INFO] 20:26:12:310 memoria/(14429:14429): Escuchando en 127.0.0.1:8002 (memoria)

[INFO] 20:26:12:311 memoria/(14429:14429): Memoria lista para recibir al cliente
[INFO] 20:26:15:204 memoria/(14429:14429): Cliente conectado (a memoria)

[INFO] 20:26:15:207 memoria/(14429:14436): Socket cliente memoria-cpu creado.
[INFO] 20:26:15:208 memoria/(14429:14436): Config enviado.
[WARNING] 20:26:15:208 memoria/(14429:14436): El cliente se desconecto de server memoria
[INFO] 20:29:43:680 memoria/(14887:14887): Memoria iniciada
[INFO] 20:29:43:681 memoria/(14887:14887): Escuchando en 127.0.0.1:8002 (memoria)

[INFO] 20:29:43:682 memoria/(14887:14887): Memoria lista para recibir al cliente
[INFO] 20:29:46:373 memoria/(14887:14887): Cliente conectado (a memoria)

[INFO] 20:29:46:375 memoria/(14887:14896): Socket cliente memoria-cpu creado.
[INFO] 20:29:54:447 memoria/(14913:14913): Memoria iniciada
[INFO] 20:29:54:448 memoria/(14913:14913): Escuchando en 127.0.0.1:8002 (memoria)

[INFO] 20:29:54:448 memoria/(14913:14913): Memoria lista para recibir al cliente
[INFO] 20:29:56:874 memoria/(14913:14913): Cliente conectado (a memoria)

[INFO] 20:29:56:877 memoria/(14913:14920): Socket cliente memoria-cpu creado.
[INFO] 20:32:05:361 memoria/(15155:15155): Memoria iniciada
[INFO] 20:32:05:362 memoria/(15155:15155): Escuchando en 127.0.0.1:8002 (memoria)

[INFO] 20:32:05:362 memoria/(15155:15155): Memoria lista para recibir al cliente
[INFO] 20:32:08:405 memoria/(15155:15155): Cliente conectado (a memoria)

[INFO] 20:32:08:407 memoria/(15155:15161): Socket cliente memoria-cpu creado.
[INFO] 20:32:08:407 memoria/(15155:15161): Config enviado.
[WARNING] 20:32:08:407 memoria/(15155:15161): El cliente se desconecto de server memoria
[INFO] 20:36:29:911 memoria/(15754:15754): Memoria iniciada
[INFO] 20:36:29:912 memoria/(15754:15754): Escuchando en 127.0.0.1:8002 (memoria)

[INFO] 20:36:29:912 memoria/(15754:15754): Memoria lista para recibir al cliente
[INFO] 20:36:32:566 memoria/(15754:15754): Cliente conectado (a memoria)

[INFO] 20:36:32:569 memoria/(15754:15767): Socket cliente memoria-cpu creado.
[INFO] 20:36:32:569 memoria/(15754:15767): Config enviado.
[WARNING] 20:36:32:570 memoria/(15754:15767): El cliente se desconecto de server memoria
[INFO] 20:39:38:577 memoria/(16151:16151): Memoria iniciada
[INFO] 20:39:38:578 memoria/(16151:16151): Escuchando en 127.0.0.1:8002 (memoria)

[INFO] 20:39:38:578 memoria/(16151:16151): Memoria lista para recibir al cliente
[INFO] 20:39:41:570 memoria/(16151:16151): Cliente conectado (a memoria)

[INFO] 20:39:41:571 memoria/(16151:16158): Socket cliente memoria-cpu creado.
[INFO] 20:39:41:571 memoria/(16151:16158): Config enviado.
[WARNING] 20:39:41:571 memoria/(16151:16158): El cliente se desconecto de server memoria
[INFO] 20:48:04:618 memoria/(17101:17101): Memoria iniciada
[INFO] 20:48:04:619 memoria/(17101:17101): Escuchando en 127.0.0.1:8002 (memoria)

[INFO] 20:48:04:619 memoria/(17101:17101): Memoria lista para recibir al cliente
[INFO] 20:48:07:906 memoria/(17101:17101): Cliente conectado (a memoria)

[INFO] 20:48:07:908 memoria/(17101:17110): Socket cliente memoria-cpu creado.
[INFO] 20:48:07:909 memoria/(17101:17110): Config enviado.
[WARNING] 20:48:07:909 memoria/(17101:17110): El cliente se desconecto de server memoria
[INFO] 21:01:39:461 memoria/(18598:18598): Memoria iniciada
[INFO] 21:01:39:461 memoria/(18598:18598): Escuchando en 127.0.0.1:8002 (memoria)

[INFO] 21:01:39:461 memoria/(18598:18598): Memoria lista para recibir al cliente
[INFO] 21:01:41:631 memoria/(18598:18598): Cliente conectado (a memoria)

[INFO] 21:01:41:631 memoria/(18598:18601): Socket cliente memoria-cpu creado.
[INFO] 21:01:41:632 memoria/(18598:18601): Config enviado.
[WARNING] 21:01:41:632 memoria/(18598:18601): El cliente se desconecto de server memoria
[INFO] 21:02:32:053 memoria/(18733:18733): Memoria iniciada
[INFO] 21:02:32:054 memoria/(18733:18733): Escuchando en 127.0.0.1:8002 (memoria)

[INFO] 21:02:32:054 memoria/(18733:18733): Memoria lista para recibir al cliente
[INFO] 21:02:34:579 memoria/(18733:18733): Cliente conectado (a memoria)

[INFO] 21:02:34:581 memoria/(18733:18746): Socket cliente memoria-cpu creado.
[INFO] 21:04:13:535 memoria/(18933:18933): Memoria iniciada
[INFO] 21:04:13:535 memoria/(18933:18933): Escuchando en 127.0.0.1:8002 (memoria)

[INFO] 21:04:13:535 memoria/(18933:18933): Memoria lista para recibir al cliente
[INFO] 21:04:15:820 memoria/(18933:18933): Cliente conectado (a memoria)

[INFO] 21:04:15:822 memoria/(18933:18940): Socket cliente memoria-cpu creado.
[INFO] 21:04:15:823 memoria/(18933:18940): Config enviado.
[WARNING] 21:04:15:823 memoria/(18933:18940): El cliente se desconecto de server memoria
[INFO] 21:10:38:838 memoria/(19766:19766): Memoria iniciada
[INFO] 21:10:38:839 memoria/(19766:19766): Escuchando en 127.0.0.1:8002 (memoria)

[INFO] 21:10:38:839 memoria/(19766:19766): Memoria lista para recibir al cliente
[INFO] 21:10:41:285 memoria/(19766:19766): Cliente conectado (a memoria)

[INFO] 21:10:41:286 memoria/(19766:19777): Socket cliente memoria-cpu creado.
[INFO] 21:10:41:286 memoria/(19766:19777): Config enviado.
[WARNING] 21:10:41:286 memoria/(19766:19777): El cliente se desconecto de server memoria
[INFO] 21:14:26:540 memoria/(20306:20306): Memoria iniciada
[INFO] 21:14:26:541 memoria/(20306:20306): Escuchando en 127.0.0.1:8002 (memoria)

[INFO] 21:14:26:541 memoria/(20306:20306): Memoria lista para recibir al cliente
[INFO] 21:14:28:665 memoria/(20306:20306): Cliente conectado (a memoria)

[INFO] 21:14:28:668 memoria/(20306:20313): Socket cliente memoria-cpu creado.
[INFO] 21:14:28:668 memoria/(20306:20313): Config enviado.
[WARNING] 21:14:28:669 memoria/(20306:20313): El cliente se desconecto de server memoria
[INFO] 02:16:51:463 memoria/(22805:22805): Memoria iniciada
[INFO] 02:16:51:464 memoria/(22805:22805): Escuchando en 127.0.0.1:8002 (memoria)

[INFO] 02:16:51:464 memoria/(22805:22805): Memoria lista para recibir al cliente
[INFO] 02:16:56:218 memoria/(22805:22805): Cliente conectado (a memoria)

[INFO] 02:16:56:221 memoria/(22805:22818): Socket cliente memoria-cpu creado.
[INFO] 02:17:02:025 memoria/(22834:22834): Memoria iniciada
[INFO] 02:17:02:026 memoria/(22834:22834): Escuchando en 127.0.0.1:8002 (memoria)

[INFO] 02:17:02:026 memoria/(22834:22834): Memoria lista para recibir al cliente
[INFO] 02:17:04:454 memoria/(22834:22834): Cliente conectado (a memoria)

[INFO] 02:17:04:457 memoria/(22834:22841): Socket cliente memoria-cpu creado.
[INFO] 02:17:04:457 memoria/(22834:22841): Config enviado.
[WARNING] 02:17:04:458 memoria/(22834:22841): El cliente se desconecto de server memoria
[INFO] 02:32:41:658 memoria/(24727:24727): Memoria iniciada
[INFO] 02:32:41:659 memoria/(24727:24727): Escuchando en 127.0.0.1:8002 (memoria)

[INFO] 02:32:41:659 memoria/(24727:24727): Memoria lista para recibir al cliente
[INFO] 02:32:44:358 memoria/(24727:24727): Cliente conectado (a memoria)

[INFO] 02:32:44:359 memoria/(24727:24734): Socket cliente memoria-cpu creado.
[INFO] 02:32:47:326 memoria/(24747:24747): Memoria iniciada
[INFO] 02:32:47:326 memoria/(24747:24747): Escuchando en 127.0.0.1:8002 (memoria)

[INFO] 02:32:47:327 memoria/(24747:24747): Memoria lista para recibir al cliente
[INFO] 02:32:50:953 memoria/(24747:24747): Cliente conectado (a memoria)

[INFO] 02:32:50:954 memoria/(24747:24754): Socket cliente memoria-cpu creado.
[INFO] 02:32:54:006 memoria/(24763:24763): Memoria iniciada
[INFO] 02:32:54:007 memoria/(24763:24763): Escuchando en 127.0.0.1:8002 (memoria)

[INFO] 02:32:54:007 memoria/(24763:24763): Memoria lista para recibir al cliente
[INFO] 02:32:57:086 memoria/(24763:24763): Cliente conectado (a memoria)

[INFO] 02:32:57:088 memoria/(24763:24772): Socket cliente memoria-cpu creado.
[INFO] 02:33:01:474 memoria/(24786:24786): Memoria iniciada
[INFO] 02:33:01:474 memoria/(24786:24786): Escuchando en 127.0.0.1:8002 (memoria)

[INFO] 02:33:01:474 memoria/(24786:24786): Memoria lista para recibir al cliente
[INFO] 02:33:04:392 memoria/(24786:24786): Cliente conectado (a memoria)

[INFO] 02:33:04:394 memoria/(24786:24793): Socket cliente memoria-cpu creado.
[INFO] 02:35:32:901 memoria/(25102:25102): Memoria iniciada
[INFO] 02:35:32:902 memoria/(25102:25102): Escuchando en 127.0.0.1:8002 (memoria)

[INFO] 02:35:32:902 memoria/(25102:25102): Memoria lista para recibir al cliente
[INFO] 02:35:35:657 memoria/(25102:25102): Cliente conectado (a memoria)

[INFO] 02:35:35:658 memoria/(25102:25109): Socket cliente memoria-cpu creado.
[INFO] 02:35:35:658 memoria/(25102:25109): Config enviado.
[WARNING] 02:35:35:658 memoria/(25102:25109): El cliente se desconecto de server memoria
[INFO] 02:48:50:899 memoria/(26829:26829): Memoria iniciada
[INFO] 02:48:50:900 memoria/(26829:26829): Escuchando en 127.0.0.1:8002 (memoria)

[INFO] 02:48:50:900 memoria/(26829:26829): Memoria lista para recibir al cliente
[INFO] 02:48:55:324 memoria/(26829:26829): Cliente conectado (a memoria)

[INFO] 02:48:55:327 memoria/(26829:26840): Socket cliente memoria-cpu creado.
[INFO] 02:48:55:327 memoria/(26829:26840): Config enviado.
[WARNING] 02:48:55:328 memoria/(26829:26840): El cliente se desconecto de server memoria
[INFO] 02:52:07:983 memoria/(27269:27269): Memoria iniciada
[INFO] 02:52:07:984 memoria/(27269:27269): Escuchando en 127.0.0.1:8002 (memoria)

[INFO] 02:52:07:984 memoria/(27269:27269): Memoria lista para recibir al cliente
[INFO] 02:52:10:486 memoria/(27269:27269): Cliente conectado (a memoria)

[INFO] 02:52:10:488 memoria/(27269:27271): Socket cliente memoria-cpu creado.
[INFO] 02:53:24:273 memoria/(27405:27405): Memoria iniciada
[INFO] 02:53:24:274 memoria/(27405:27405): Escuchando en 127.0.0.1:8002 (memoria)

[INFO] 02:53:24:274 memoria/(27405:27405): Memoria lista para recibir al cliente
[INFO] 02:53:26:917 memoria/(27405:27405): Cliente conectado (a memoria)

[INFO] 02:53:26:919 memoria/(27405:27411): Socket cliente memoria-cpu creado.
[INFO] 02:53:26:920 memoria/(27405:27411): Config enviado.
[WARNING] 02:53:26:920 memoria/(27405:27411): El cliente se desconecto de server memoria
[INFO] 03:06:09:976 memoria/(29063:29063): Memoria iniciada
[INFO] 03:06:09:977 memoria/(29063:29063): Escuchando en 127.0.0.1:8002 (memoria)

[INFO] 03:06:09:977 memoria/(29063:29063): Memoria lista para recibir al cliente
[INFO] 03:06:12:801 memoria/(29063:29063): Cliente conectado (a memoria)

[INFO] 03:06:12:802 memoria/(29063:29073): Socket cliente memoria-cpu creado.
[INFO] 03:06:12:802 memoria/(29063:29073): Config enviado.
[WARNING] 03:06:12:803 memoria/(29063:29073): El cliente se desconecto de server memoria
[INFO] 03:08:02:557 memoria/(29331:29331): Memoria iniciada
[INFO] 03:08:02:557 memoria/(29331:29331): Escuchando en 127.0.0.1:8002 (memoria)

[INFO] 03:08:02:558 memoria/(29331:29331): Memoria lista para recibir al cliente
[INFO] 03:08:05:324 memoria/(29331:29331): Cliente conectado (a memoria)

[INFO] 03:08:05:326 memoria/(29331:29334): Socket cliente memoria-cpu creado.
[INFO] 03:08:31:614 memoria/(29383:29383): Memoria iniciada
[INFO] 03:08:31:614 memoria/(29383:29383): Escuchando en 127.0.0.1:8002 (memoria)

[INFO] 03:08:31:615 memoria/(29383:29383): Memoria lista para recibir al cliente
[INFO] 03:08:34:947 memoria/(29383:29383): Cliente conectado (a memoria)

[INFO] 03:08:34:947 memoria/(29383:29389): Socket cliente memoria-cpu creado.
[INFO] 03:08:34:948 memoria/(29383:29389): Config enviado.
[WARNING] 03:08:34:948 memoria/(29383:29389): El cliente se desconecto de server memoria
