[INFO] 19:16:22:871 CPU/(4276:4276): Modulo CPU iniciado
[INFO] 19:16:34:539 CPU/(4311:4311): Modulo CPU iniciado
[INFO] 19:16:47:085 CPU/(4338:4338): Modulo CPU iniciado
[INFO] 19:16:57:631 CPU/(4367:4367): Modulo CPU iniciado
[INFO] 19:17:19:126 CPU/(4403:4403): Modulo CPU iniciado
[INFO] 19:17:40:623 CPU/(4452:4452): Modulo CPU iniciado
[INFO] 19:17:46:919 CPU/(4482:4482): Modulo CPU iniciado
[INFO] 19:17:56:391 CPU/(4511:4511): Modulo CPU iniciado
[INFO] 19:18:03:356 CPU/(4535:4535): Modulo CPU iniciado
[INFO] 19:18:15:806 CPU/(4562:4562): Modulo CPU iniciado
[INFO] 19:20:16:748 CPU/(4764:4764): Modulo CPU iniciado
[INFO] 19:20:23:247 CPU/(4791:4791): Modulo CPU iniciado
[INFO] 19:21:01:268 CPU/(4852:4852): Modulo CPU iniciado
[INFO] 19:21:22:595 CPU/(4905:4905): Modulo CPU iniciado
[INFO] 19:22:12:173 CPU/(4968:4968): Modulo CPU iniciado
[INFO] 19:23:12:538 CPU/(5056:5056): Modulo CPU iniciado
[INFO] 19:29:10:450 CPU/(5125:5125): Modulo CPU iniciado
[INFO] 19:30:44:624 CPU/(5310:5310): Modulo CPU iniciado
[INFO] 19:33:23:602 CPU/(5469:5469): Modulo CPU iniciado
[INFO] 19:34:02:370 CPU/(5500:5500): Modulo CPU iniciado
[INFO] 19:38:03:441 CPU/(5644:5644): Modulo CPU iniciado
[INFO] 19:38:38:302 CPU/(5682:5682): Modulo CPU iniciado
[INFO] 19:38:46:802 CPU/(5693:5693): Modulo CPU iniciado
[INFO] 19:38:49:060 CPU/(5712:5712): Modulo CPU iniciado
[INFO] 19:41:04:172 CPU/(5765:5765): Modulo CPU iniciado
[INFO] 19:41:16:251 CPU/(5777:5777): Modulo CPU iniciado
[INFO] 13:27:14:460 CPU/(17602:17602): Modulo CPU iniciado
[INFO] 13:37:26:722 CPU/(18942:18942): Modulo CPU iniciado
[INFO] 13:48:51:365 CPU/(20535:20535): Modulo CPU iniciado
[INFO] 14:14:43:595 CPU/(24651:24651): Modulo CPU iniciado
[INFO] 14:18:14:642 CPU/(25120:25120): Modulo CPU iniciado
[INFO] 14:26:39:977 CPU/(26374:26374): Modulo CPU iniciado
[INFO] 14:27:11:922 CPU/(26461:26461): Modulo CPU iniciado
[INFO] 14:40:53:362 CPU/(28291:28291): Modulo CPU iniciado
[INFO] 14:59:42:210 CPU/(30801:30801): Modulo CPU iniciado
[INFO] 15:00:46:794 CPU/(30958:30958): Modulo CPU iniciado
[INFO] 15:02:33:674 CPU/(31271:31271): Modulo CPU iniciado
[INFO] 15:02:51:369 CPU/(31333:31333): Modulo CPU iniciado
[INFO] 15:03:28:901 CPU/(31439:31439): Modulo CPU iniciado
[INFO] 15:09:11:981 CPU/(32369:32369): Modulo CPU iniciado
[INFO] 15:09:29:581 CPU/(32427:32427): Modulo CPU iniciado
[INFO] 15:13:59:288 CPU/(705:705): Modulo CPU iniciado
[INFO] 15:14:14:971 CPU/(755:755): Modulo CPU iniciado
[INFO] 16:13:45:289 CPU/(5308:5308): Modulo CPU iniciado
[INFO] 18:44:41:583 CPU/(10095:10095): Modulo CPU iniciado
[INFO] 18:44:51:275 CPU/(10097:10097): Modulo CPU iniciado
[INFO] 18:45:00:051 CPU/(10101:10101): Modulo CPU iniciado
[INFO] 18:47:31:326 CPU/(10337:10337): Modulo CPU iniciado
[INFO] 19:41:52:415 CPU/(10598:10598): Modulo CPU iniciado
[INFO] 19:42:13:256 CPU/(10642:10642): Modulo CPU iniciado
[INFO] 19:42:59:129 CPU/(10714:10714): Modulo CPU iniciado
[INFO] 19:44:22:585 CPU/(10871:10871): Modulo CPU iniciado
[INFO] 19:44:35:089 CPU/(10915:10915): Modulo CPU iniciado
[INFO] 20:12:54:848 CPU/(14851:14851): Modulo CPU iniciado
[INFO] 20:25:14:667 CPU/(15889:15889): Modulo CPU iniciado
[INFO] 20:30:41:231 CPU/(16404:16404): Modulo CPU iniciado
[INFO] 20:34:31:989 CPU/(16746:16746): Modulo CPU iniciado
[INFO] 20:57:48:461 CPU/(18842:18842): Modulo CPU iniciado
[INFO] 21:00:17:754 CPU/(19154:19154): Modulo CPU iniciado
[INFO] 21:01:48:557 CPU/(19368:19368): Modulo CPU iniciado
[INFO] 21:01:48:558 CPU/(19368:19368):  Config iniciado
[INFO] 21:01:48:558 CPU/(19368:19368): Valores obtenidos
[INFO] 21:01:48:565 CPU/(19368:19368): Socket creado
[INFO] 21:01:48:569 CPU/(19368:19368): Config enviado
[INFO] 21:05:05:346 CPU/(19724:19724): Modulo CPU iniciado
[INFO] 21:05:05:347 CPU/(19724:19724):  Config iniciado
[INFO] 21:05:05:347 CPU/(19724:19724): Valores obtenidos
[INFO] 21:05:05:349 CPU/(19724:19724): Socket creado
[INFO] 21:05:05:353 CPU/(19724:19724): Config enviado
[INFO] 21:06:25:181 CPU/(19867:19867): Modulo CPU iniciado
[INFO] 21:06:25:181 CPU/(19867:19867):  Config iniciado
[INFO] 21:06:25:182 CPU/(19867:19867): Valores obtenidos
[INFO] 21:06:25:183 CPU/(19867:19867): Socket creado
[INFO] 21:06:25:188 CPU/(19867:19867): Config enviado
[INFO] 21:06:45:189 CPU/(19931:19931): Modulo CPU iniciado
[INFO] 21:06:45:190 CPU/(19931:19931):  Config iniciado
[INFO] 21:06:45:190 CPU/(19931:19931): Valores obtenidos
[INFO] 21:06:45:191 CPU/(19931:19931): Socket creado
[INFO] 21:06:45:196 CPU/(19931:19931): Config enviado
[INFO] 22:06:03:170 CPU/(24872:24872): Modulo CPU iniciado
[INFO] 22:06:03:171 CPU/(24872:24872):  Config iniciado
[INFO] 22:06:03:171 CPU/(24872:24872): Valores obtenidos
[INFO] 22:06:03:178 CPU/(24872:24872): Socket creado
[INFO] 22:06:03:184 CPU/(24872:24872): Config enviado
[INFO] 22:06:44:865 CPU/(24961:24961): Modulo CPU iniciado
[INFO] 22:06:44:865 CPU/(24961:24961):  Config iniciado
[INFO] 22:06:44:865 CPU/(24961:24961): Valores obtenidos
[INFO] 22:06:44:867 CPU/(24961:24961): Socket creado
[INFO] 22:06:44:886 CPU/(24961:24961): Config enviado
[INFO] 22:27:49:160 CPU/(26837:26837): Modulo CPU iniciado
[INFO] 22:27:49:161 CPU/(26837:26837):  Config iniciado
[INFO] 22:27:49:161 CPU/(26837:26837): Valores obtenidos
[INFO] 22:27:49:162 CPU/(26837:26837): Socket creado
[INFO] 22:27:49:162 CPU/(26837:26837): Config enviado
[INFO] 22:30:51:389 CPU/(27132:27132): Modulo CPU iniciado
[INFO] 22:30:51:390 CPU/(27132:27132):  Config iniciado
[INFO] 22:30:51:390 CPU/(27132:27132): Valores obtenidos
[INFO] 22:30:51:397 CPU/(27132:27132): Socket creado
[INFO] 22:30:51:397 CPU/(27132:27132): Config enviado
[INFO] 22:31:06:434 CPU/(27179:27179): Modulo CPU iniciado
[INFO] 22:31:06:434 CPU/(27179:27179):  Config iniciado
[INFO] 22:31:06:434 CPU/(27179:27179): Valores obtenidos
[INFO] 22:31:06:435 CPU/(27179:27179): Socket creado
[INFO] 22:31:06:436 CPU/(27179:27179): Config enviado
[INFO] 22:32:29:728 CPU/(27333:27333): Modulo CPU iniciado
[INFO] 22:32:29:728 CPU/(27333:27333):  Config iniciado
[INFO] 22:32:29:728 CPU/(27333:27333): Valores obtenidos
[INFO] 22:32:29:729 CPU/(27333:27333): Socket creado
[INFO] 22:32:29:730 CPU/(27333:27333): Config enviado
[INFO] 22:32:56:417 CPU/(27401:27401): Modulo CPU iniciado
[INFO] 22:32:56:417 CPU/(27401:27401):  Config iniciado
[INFO] 22:32:56:418 CPU/(27401:27401): Valores obtenidos
[INFO] 22:32:56:421 CPU/(27401:27401): Socket creado
[INFO] 22:32:56:424 CPU/(27401:27401): Config enviado
[INFO] 22:33:40:738 CPU/(27521:27521): Modulo CPU iniciado
[INFO] 22:33:40:739 CPU/(27521:27521):  Config iniciado
[INFO] 22:33:40:739 CPU/(27521:27521): Valores obtenidos
[INFO] 22:33:40:742 CPU/(27521:27521): Socket creado
[INFO] 22:33:40:768 CPU/(27521:27521): Config enviado
[INFO] 22:37:44:945 CPU/(28035:28035): Modulo CPU iniciado
[INFO] 22:37:44:946 CPU/(28035:28035):  Config iniciado
[INFO] 22:37:44:946 CPU/(28035:28035): Valores obtenidos
[INFO] 22:37:44:947 CPU/(28035:28035): Socket creado
[INFO] 22:37:44:947 CPU/(28035:28035): Config enviado
[INFO] 22:38:30:250 CPU/(28123:28123): Modulo CPU iniciado
[INFO] 22:38:30:251 CPU/(28123:28123):  Config iniciado
[INFO] 22:38:30:251 CPU/(28123:28123): Valores obtenidos
[INFO] 22:38:30:255 CPU/(28123:28123): Socket creado
[INFO] 22:38:30:263 CPU/(28123:28123): Config enviado
[INFO] 22:42:54:530 CPU/(28607:28607): Modulo CPU iniciado
[INFO] 22:42:54:531 CPU/(28607:28607):  Config iniciado
[INFO] 22:42:54:531 CPU/(28607:28607): Valores obtenidos
[INFO] 22:42:54:534 CPU/(28607:28607): Socket creado
[INFO] 22:42:54:534 CPU/(28607:28607): Config enviado
[INFO] 22:43:32:628 CPU/(28691:28691): Modulo CPU iniciado
[INFO] 22:43:32:628 CPU/(28691:28691):  Config iniciado
[INFO] 22:43:32:628 CPU/(28691:28691): Valores obtenidos
[INFO] 22:43:32:629 CPU/(28691:28691): Socket creado
[INFO] 22:43:32:630 CPU/(28691:28691): Config enviado
[INFO] 19:08:12:144 CPU/(4279:4279): Modulo CPU iniciado
[INFO] 19:12:06:804 CPU/(4447:4447): Modulo CPU iniciado
[INFO] 19:15:04:384 CPU/(4846:4846): Modulo CPU iniciado
[INFO] 23:23:49:099 CPU/(7680:7680): Modulo CPU iniciado
[INFO] 23:23:49:106 CPU/(7680:7680): Socket cliente creado.
[INFO] 23:23:49:108 CPU/(7680:7680): Request config memoria enviada.
[INFO] 23:23:49:118 CPU/(7680:7680): Escuchando en 127.0.0.1:8030 (CPU)

[INFO] 23:23:49:118 CPU/(7680:7680): CPU lista como servidor
